#
# There is insufficient memory for the Java Runtime Environment to continue.
# Native memory allocation (malloc) failed to allocate 1164496 bytes for Chunk::new
# Possible reasons:
#   The system is out of physical RAM or swap space
#   In 32 bit mode, the process size limit was hit
# Possible solutions:
#   Reduce memory load on the system
#   Increase physical memory or swap space
#   Check if swap backing store is full
#   Use 64 bit Java on a 64 bit OS
#   Decrease Java heap size (-Xmx/-Xms)
#   Decrease number of Java threads
#   Decrease Java thread stack sizes (-Xss)
#   Set larger code cache with -XX:ReservedCodeCacheSize=
# This output file may be truncated or incomplete.
#
#  Out of Memory Error (allocation.cpp:390), pid=14704, tid=0x00000000000006d4
#
# JRE version: OpenJDK Runtime Environment (8.0_152-b02) (build 1.8.0_152-release-1024-b02)
# Java VM: OpenJDK 64-Bit Server VM (25.152-b02 mixed mode windows-amd64 compressed oops)
# Failed to write core dump. Minidumps are not enabled by default on client versions of Windows
#

---------------  T H R E A D  ---------------

Current thread (0x00000000163d4800):  JavaThread "C2 CompilerThread0" daemon [_thread_in_native, id=1748, stack(0x0000000018060000,0x0000000018160000)]

Stack: [0x0000000018060000,0x0000000018160000]
[error occurred during error reporting (printing stack bounds), id 0xc0000005]

Native frames: (J=compiled Java code, j=interpreted, Vv=VM code, C=native code)


Current CompileTask:
C2:  27912 12898       4       com.android.tools.r8.ir.regalloc.LinearScanRegisterAllocator::allocateSingleInterval (807 bytes)


---------------  P R O C E S S  ---------------

Java Threads: ( => current thread )
  0x0000000019ee0800 JavaThread "pool-129-thread-2" [_thread_in_Java, id=9908, stack(0x0000000035220000,0x0000000035320000)]
  0x0000000019ee0000 JavaThread "pool-129-thread-1" [_thread_in_Java, id=15448, stack(0x0000000035120000,0x0000000035220000)]
  0x0000000019ed6000 JavaThread "pool-128-thread-2" [_thread_in_Java, id=14496, stack(0x0000000035020000,0x0000000035120000)]
  0x0000000019edc000 JavaThread "pool-128-thread-1" [_thread_in_Java, id=2360, stack(0x0000000034f20000,0x0000000035020000)]
  0x0000000019edf000 JavaThread "pool-125-thread-2" [_thread_blocked, id=2496, stack(0x0000000034a20000,0x0000000034b20000)]
  0x0000000019edd800 JavaThread "pool-125-thread-1" [_thread_in_Java, id=2944, stack(0x0000000034920000,0x0000000034a20000)]
  0x0000000019ee3800 JavaThread "pool-103-thread-2" [_thread_blocked, id=11864, stack(0x0000000031e20000,0x0000000031f20000)]
  0x0000000019ed7800 JavaThread "pool-103-thread-1" [_thread_in_Java, id=14056, stack(0x0000000031d20000,0x0000000031e20000)]
  0x0000000019ed7000 JavaThread "ForkJoinPool.commonPool-worker-5" daemon [_thread_blocked, id=7852, stack(0x0000000024450000,0x0000000024550000)]
  0x0000000019eda800 JavaThread "ForkJoinPool.commonPool-worker-4" daemon [_thread_blocked, id=7964, stack(0x0000000024350000,0x0000000024450000)]
  0x0000000019eda000 JavaThread "ForkJoinPool.commonPool-worker-3" daemon [_thread_blocked, id=7664, stack(0x0000000024250000,0x0000000024350000)]
  0x0000000019ed9000 JavaThread "ForkJoinPool.commonPool-worker-2" daemon [_thread_blocked, id=8056, stack(0x0000000024150000,0x0000000024250000)]
  0x0000000019ed8800 JavaThread "ForkJoinPool.commonPool-worker-1" daemon [_thread_in_native, id=13088, stack(0x0000000024050000,0x0000000024150000)]
  0x000000001bea6000 JavaThread "Task worker for ':' Thread 5" [_thread_blocked, id=6828, stack(0x0000000021840000,0x0000000021940000)]
  0x000000001bea6800 JavaThread "Task worker for ':' Thread 4" [_thread_blocked, id=14184, stack(0x0000000021740000,0x0000000021840000)]
  0x000000001bea1800 JavaThread "Task worker for ':' Thread 3" [_thread_blocked, id=2924, stack(0x0000000021640000,0x0000000021740000)]
  0x000000001bea2000 JavaThread "Task worker for ':' Thread 2" [_thread_blocked, id=4776, stack(0x0000000021540000,0x0000000021640000)]
  0x000000001be9f000 JavaThread "Task worker for ':'" [_thread_blocked, id=2016, stack(0x0000000021440000,0x0000000021540000)]
  0x000000001bea5000 JavaThread "Cache worker for Build Output Cleanup Cache (C:\Users\Mauricio\Documents\GitHub\Soft2\Kpple\.gradle\buildOutputCleanup)" [_thread_blocked, id=12152, stack(0x0000000021340000,0x0000000021440000)]
  0x000000001bea4800 JavaThread "Cache worker for task history cache (C:\Users\Mauricio\Documents\GitHub\Soft2\Kpple\.gradle\4.4\taskHistory)" [_thread_blocked, id=2648, stack(0x0000000020fb0000,0x00000000210b0000)]
  0x000000001bea3000 JavaThread "Cache worker for file content cache (C:\Users\Mauricio\Documents\GitHub\Soft2\Kpple\.gradle\4.4\fileContent)" [_thread_blocked, id=12668, stack(0x0000000020a60000,0x0000000020b60000)]
  0x000000001be9c000 JavaThread "Memory manager" [_thread_blocked, id=12408, stack(0x0000000020360000,0x0000000020460000)]
  0x000000001be9a800 JavaThread "build operations Thread 6" [_thread_blocked, id=13520, stack(0x000000001f9c0000,0x000000001fac0000)]
  0x000000001be9a000 JavaThread "build operations Thread 5" [_thread_blocked, id=9428, stack(0x000000001f8c0000,0x000000001f9c0000)]
  0x000000001be9e800 JavaThread "build operations Thread 4" [_thread_blocked, id=7356, stack(0x000000001f7c0000,0x000000001f8c0000)]
  0x000000001be98800 JavaThread "build operations Thread 3" [_thread_blocked, id=9752, stack(0x000000001f6c0000,0x000000001f7c0000)]
  0x000000001be9d800 JavaThread "build operations Thread 2" [_thread_blocked, id=14168, stack(0x000000001f5c0000,0x000000001f6c0000)]
  0x000000001be99000 JavaThread "build operations" [_thread_blocked, id=12920, stack(0x000000001f4c0000,0x000000001f5c0000)]
  0x000000001bbcd000 JavaThread "Cache worker for Artifact transforms cache (C:\Users\Mauricio\.gradle\caches\transforms-1)" [_thread_blocked, id=5588, stack(0x000000001e940000,0x000000001ea40000)]
  0x0000000019cf6000 JavaThread "Cache worker for file hash cache (C:\Users\Mauricio\Documents\GitHub\Soft2\Kpple\.gradle\4.4\fileHashes)" [_thread_blocked, id=12404, stack(0x000000001c6a0000,0x000000001c7a0000)]
  0x0000000019ba1000 JavaThread "File lock request listener" [_thread_in_native, id=5980, stack(0x000000001b4d0000,0x000000001b5d0000)]
  0x0000000019c35000 JavaThread "Cache worker for file hash cache (C:\Users\Mauricio\.gradle\caches\4.4\fileHashes)" [_thread_blocked, id=13480, stack(0x000000001b3d0000,0x000000001b4d0000)]
  0x0000000019b9f800 JavaThread "Stdin handler" [_thread_blocked, id=1340, stack(0x000000001b0d0000,0x000000001b1d0000)]
  0x00000000198d4000 JavaThread "Asynchronous log dispatcher for DefaultDaemonConnection: socket connection from /127.0.0.1:55253 to /127.0.0.1:55254" [_thread_blocked, id=8024, stack(0x000000001afd0000,0x000000001b0d0000)]
  0x00000000198d3800 JavaThread "Daemon worker" [_thread_blocked, id=1400, stack(0x000000001aed0000,0x000000001afd0000)]
  0x0000000019b6c800 JavaThread "Cancel handler" [_thread_blocked, id=2328, stack(0x000000001add0000,0x000000001aed0000)]
  0x0000000019b4f800 JavaThread "Handler for socket connection from /127.0.0.1:55253 to /127.0.0.1:55254" [_thread_in_native, id=8668, stack(0x000000001aad0000,0x000000001abd0000)]
  0x0000000019b4e800 JavaThread "Daemon" [_thread_blocked, id=15004, stack(0x000000001a9d0000,0x000000001aad0000)]
  0x0000000019898000 JavaThread "Daemon periodic checks" [_thread_blocked, id=1808, stack(0x000000001a8d0000,0x000000001a9d0000)]
  0x000000001982d000 JavaThread "Incoming local TCP Connector on port 55253" [_thread_in_native, id=11024, stack(0x000000001a670000,0x000000001a770000)]
  0x00000000183cd000 JavaThread "Service Thread" daemon [_thread_blocked, id=12356, stack(0x0000000018760000,0x0000000018860000)]
  0x00000000163da000 JavaThread "C1 CompilerThread2" daemon [_thread_blocked, id=7596, stack(0x0000000018260000,0x0000000018360000)]
  0x00000000163d7800 JavaThread "C2 CompilerThread1" daemon [_thread_in_native, id=14060, stack(0x0000000018160000,0x0000000018260000)]
=>0x00000000163d4800 JavaThread "C2 CompilerThread0" daemon [_thread_in_native, id=1748, stack(0x0000000018060000,0x0000000018160000)]
  0x00000000163d0000 JavaThread "Attach Listener" daemon [_thread_blocked, id=11944, stack(0x0000000017f60000,0x0000000018060000)]
  0x00000000163cd000 JavaThread "Signal Dispatcher" daemon [_thread_blocked, id=7484, stack(0x0000000017e60000,0x0000000017f60000)]
  0x000000000281e000 JavaThread "Finalizer" daemon [_thread_blocked, id=15908, stack(0x0000000017c40000,0x0000000017d40000)]
  0x0000000002815000 JavaThread "Reference Handler" daemon [_thread_blocked, id=3844, stack(0x0000000017b40000,0x0000000017c40000)]
  0x0000000002722800 JavaThread "main" [_thread_blocked, id=2852, stack(0x0000000002620000,0x0000000002720000)]

Other Threads:
  0x0000000016397000 VMThread [stack: 0x0000000017a40000,0x0000000017b40000] [id=12496]
  0x00000000163ee800 WatcherThread [stack: 0x0000000018860000,0x0000000018960000] [id=13896]

VM state:not at safepoint (normal execution)

VM Mutex/Monitor currently owned by a thread: None

Heap:
 PSYoungGen      total 248320K, used 166293K [0x00000000e0000000, 0x00000000f1d80000, 0x0000000100000000)
  eden space 230400K, 68% used [0x00000000e0000000,0x00000000e9accba8,0x00000000ee100000)
  from space 17920K, 43% used [0x00000000ef000000,0x00000000ef798868,0x00000000f0180000)
  to   space 15360K, 0% used [0x00000000ee100000,0x00000000ee100000,0x00000000ef000000)
 ParOldGen       total 134144K, used 40784K [0x00000000a0000000, 0x00000000a8300000, 0x00000000e0000000)
  object space 134144K, 30% used [0x00000000a0000000,0x00000000a27d4038,0x00000000a8300000)
 Metaspace       used 67223K, capacity 70222K, committed 70488K, reserved 1110016K
  class space    used 8959K, capacity 9557K, committed 9600K, reserved 1048576K

Card table byte_map: [0x0000000011be0000,0x0000000011ef0000] byte_map_base: 0x00000000116e0000

Marking Bits: (ParMarkBitMap*) 0x0000000061d04970
 Begin Bits: [0x00000000126f0000, 0x0000000013ef0000)
 End Bits:   [0x0000000013ef0000, 0x00000000156f0000)

Polling page: 0x00000000003f0000

CodeCache: size=245760Kb used=33479Kb max_used=33479Kb free=212280Kb
 bounds [0x0000000002820000, 0x0000000004900000, 0x0000000011820000]
 total_blobs=11779 nmethods=10978 adapters=713
 compilation: enabled

Compilation events (10 events):
Event: 27.871 Thread 0x00000000163da000 12954       2       com.android.tools.r8.com.google.common.collect.ArrayListMultimap::<init> (17 bytes)
Event: 27.871 Thread 0x00000000163da000 nmethod 12954 0x00000000048c3390 code [0x00000000048c3500, 0x00000000048c37a8]
Event: 27.873 Thread 0x00000000163da000 12955 %     3       com.android.tools.r8.graph.DexTypeList::compareTo @ 2 (90 bytes)
Event: 27.873 Thread 0x00000000163da000 nmethod 12955% 0x00000000048ca3d0 code [0x00000000048ca5a0, 0x00000000048cacb8]
Event: 27.875 Thread 0x00000000163da000 12956       2       com.android.tools.r8.code.ReturnWide::collectIndexedItems (6 bytes)
Event: 27.876 Thread 0x00000000163da000 nmethod 12956 0x00000000048ca090 code [0x00000000048ca1e0, 0x00000000048ca330]
Event: 27.900 Thread 0x00000000163da000 12958       2       com.android.tools.r8.code.ReturnWide::write (7 bytes)
Event: 27.900 Thread 0x00000000163da000 nmethod 12958 0x00000000048c9c90 code [0x00000000048c9e00, 0x00000000048c9fa8]
Event: 27.902 Thread 0x00000000163da000 12959       1       com.android.tools.r8.code.MoveWideFrom16::getOpcode (2 bytes)
Event: 27.902 Thread 0x00000000163da000 nmethod 12959 0x00000000048dfa10 code [0x00000000048dfb60, 0x00000000048dfc70]

GC Heap History (10 events):
Event: 25.491 GC heap before
{Heap before GC invocations=27 (full 3):
 PSYoungGen      total 245760K, used 233740K [0x00000000e0000000, 0x00000000f0180000, 0x0000000100000000)
  eden space 228352K, 100% used [0x00000000e0000000,0x00000000edf00000,0x00000000edf00000)
  from space 17408K, 30% used [0x00000000edf00000,0x00000000ee443170,0x00000000ef000000)
  to   space 17920K, 0% used [0x00000000ef000000,0x00000000ef000000,0x00000000f0180000)
 ParOldGen       total 134144K, used 40680K [0x00000000a0000000, 0x00000000a8300000, 0x00000000e0000000)
  object space 134144K, 30% used [0x00000000a0000000,0x00000000a27ba038,0x00000000a8300000)
 Metaspace       used 67130K, capacity 70152K, committed 70232K, reserved 1110016K
  class space    used 8958K, capacity 9556K, committed 9600K, reserved 1048576K
Event: 25.502 GC heap after
Heap after GC invocations=27 (full 3):
 PSYoungGen      total 246272K, used 6678K [0x00000000e0000000, 0x00000000f0180000, 0x0000000100000000)
  eden space 228352K, 0% used [0x00000000e0000000,0x00000000e0000000,0x00000000edf00000)
  from space 17920K, 37% used [0x00000000ef000000,0x00000000ef6859f8,0x00000000f0180000)
  to   space 17408K, 0% used [0x00000000edf00000,0x00000000edf00000,0x00000000ef000000)
 ParOldGen       total 134144K, used 40704K [0x00000000a0000000, 0x00000000a8300000, 0x00000000e0000000)
  object space 134144K, 30% used [0x00000000a0000000,0x00000000a27c0038,0x00000000a8300000)
 Metaspace       used 67130K, capacity 70152K, committed 70232K, reserved 1110016K
  class space    used 8958K, capacity 9556K, committed 9600K, reserved 1048576K
}
Event: 26.055 GC heap before
{Heap before GC invocations=28 (full 3):
 PSYoungGen      total 246272K, used 235030K [0x00000000e0000000, 0x00000000f0180000, 0x0000000100000000)
  eden space 228352K, 100% used [0x00000000e0000000,0x00000000edf00000,0x00000000edf00000)
  from space 17920K, 37% used [0x00000000ef000000,0x00000000ef6859f8,0x00000000f0180000)
  to   space 17408K, 0% used [0x00000000edf00000,0x00000000edf00000,0x00000000ef000000)
 ParOldGen       total 134144K, used 40704K [0x00000000a0000000, 0x00000000a8300000, 0x00000000e0000000)
  object space 134144K, 30% used [0x00000000a0000000,0x00000000a27c0038,0x00000000a8300000)
 Metaspace       used 67170K, capacity 70222K, committed 70488K, reserved 1110016K
  class space    used 8959K, capacity 9557K, committed 9600K, reserved 1048576K
Event: 26.064 GC heap after
Heap after GC invocations=28 (full 3):
 PSYoungGen      total 245760K, used 3841K [0x00000000e0000000, 0x00000000f0180000, 0x0000000100000000)
  eden space 228352K, 0% used [0x00000000e0000000,0x00000000e0000000,0x00000000edf00000)
  from space 17408K, 22% used [0x00000000edf00000,0x00000000ee2c05a8,0x00000000ef000000)
  to   space 17920K, 0% used [0x00000000ef000000,0x00000000ef000000,0x00000000f0180000)
 ParOldGen       total 134144K, used 40736K [0x00000000a0000000, 0x00000000a8300000, 0x00000000e0000000)
  object space 134144K, 30% used [0x00000000a0000000,0x00000000a27c8038,0x00000000a8300000)
 Metaspace       used 67170K, capacity 70222K, committed 70488K, reserved 1110016K
  class space    used 8959K, capacity 9557K, committed 9600K, reserved 1048576K
}
Event: 26.556 GC heap before
{Heap before GC invocations=29 (full 3):
 PSYoungGen      total 245760K, used 232193K [0x00000000e0000000, 0x00000000f0180000, 0x0000000100000000)
  eden space 228352K, 100% used [0x00000000e0000000,0x00000000edf00000,0x00000000edf00000)
  from space 17408K, 22% used [0x00000000edf00000,0x00000000ee2c05a8,0x00000000ef000000)
  to   space 17920K, 0% used [0x00000000ef000000,0x00000000ef000000,0x00000000f0180000)
 ParOldGen       total 134144K, used 40736K [0x00000000a0000000, 0x00000000a8300000, 0x00000000e0000000)
  object space 134144K, 30% used [0x00000000a0000000,0x00000000a27c8038,0x00000000a8300000)
 Metaspace       used 67180K, capacity 70222K, committed 70488K, reserved 1110016K
  class space    used 8959K, capacity 9557K, committed 9600K, reserved 1048576K
Event: 26.569 GC heap after
Heap after GC invocations=29 (full 3):
 PSYoungGen      total 246272K, used 6842K [0x00000000e0000000, 0x00000000f0180000, 0x0000000100000000)
  eden space 228352K, 0% used [0x00000000e0000000,0x00000000e0000000,0x00000000edf00000)
  from space 17920K, 38% used [0x00000000ef000000,0x00000000ef6ae948,0x00000000f0180000)
  to   space 17408K, 0% used [0x00000000edf00000,0x00000000edf00000,0x00000000ef000000)
 ParOldGen       total 134144K, used 40736K [0x00000000a0000000, 0x00000000a8300000, 0x00000000e0000000)
  object space 134144K, 30% used [0x00000000a0000000,0x00000000a27c8038,0x00000000a8300000)
 Metaspace       used 67180K, capacity 70222K, committed 70488K, reserved 1110016K
  class space    used 8959K, capacity 9557K, committed 9600K, reserved 1048576K
}
Event: 27.108 GC heap before
{Heap before GC invocations=30 (full 3):
 PSYoungGen      total 246272K, used 235194K [0x00000000e0000000, 0x00000000f0180000, 0x0000000100000000)
  eden space 228352K, 100% used [0x00000000e0000000,0x00000000edf00000,0x00000000edf00000)
  from space 17920K, 38% used [0x00000000ef000000,0x00000000ef6ae948,0x00000000f0180000)
  to   space 17408K, 0% used [0x00000000edf00000,0x00000000edf00000,0x00000000ef000000)
 ParOldGen       total 134144K, used 40736K [0x00000000a0000000, 0x00000000a8300000, 0x00000000e0000000)
  object space 134144K, 30% used [0x00000000a0000000,0x00000000a27c8038,0x00000000a8300000)
 Metaspace       used 67194K, capacity 70222K, committed 70488K, reserved 1110016K
  class space    used 8959K, capacity 9557K, committed 9600K, reserved 1048576K
Event: 27.123 GC heap after
Heap after GC invocations=30 (full 3):
 PSYoungGen      total 245760K, used 9882K [0x00000000e0000000, 0x00000000f0180000, 0x0000000100000000)
  eden space 228352K, 0% used [0x00000000e0000000,0x00000000e0000000,0x00000000edf00000)
  from space 17408K, 56% used [0x00000000edf00000,0x00000000ee8a6a88,0x00000000ef000000)
  to   space 17920K, 0% used [0x00000000ef000000,0x00000000ef000000,0x00000000f0180000)
 ParOldGen       total 134144K, used 40760K [0x00000000a0000000, 0x00000000a8300000, 0x00000000e0000000)
  object space 134144K, 30% used [0x00000000a0000000,0x00000000a27ce038,0x00000000a8300000)
 Metaspace       used 67194K, capacity 70222K, committed 70488K, reserved 1110016K
  class space    used 8959K, capacity 9557K, committed 9600K, reserved 1048576K
}
Event: 27.612 GC heap before
{Heap before GC invocations=31 (full 3):
 PSYoungGen      total 245760K, used 238234K [0x00000000e0000000, 0x00000000f0180000, 0x0000000100000000)
  eden space 228352K, 100% used [0x00000000e0000000,0x00000000edf00000,0x00000000edf00000)
  from space 17408K, 56% used [0x00000000edf00000,0x00000000ee8a6a88,0x00000000ef000000)
  to   space 17920K, 0% used [0x00000000ef000000,0x00000000ef000000,0x00000000f0180000)
 ParOldGen       total 134144K, used 40760K [0x00000000a0000000, 0x00000000a8300000, 0x00000000e0000000)
  object space 134144K, 30% used [0x00000000a0000000,0x00000000a27ce038,0x00000000a8300000)
 Metaspace       used 67209K, capacity 70222K, committed 70488K, reserved 1110016K
  class space    used 8959K, capacity 9557K, committed 9600K, reserved 1048576K
Event: 27.623 GC heap after
Heap after GC invocations=31 (full 3):
 PSYoungGen      total 248320K, used 7778K [0x00000000e0000000, 0x00000000f1d80000, 0x0000000100000000)
  eden space 230400K, 0% used [0x00000000e0000000,0x00000000e0000000,0x00000000ee100000)
  from space 17920K, 43% used [0x00000000ef000000,0x00000000ef798868,0x00000000f0180000)
  to   space 15360K, 0% used [0x00000000ee100000,0x00000000ee100000,0x00000000ef000000)
 ParOldGen       total 134144K, used 40784K [0x00000000a0000000, 0x00000000a8300000, 0x00000000e0000000)
  object space 134144K, 30% used [0x00000000a0000000,0x00000000a27d4038,0x00000000a8300000)
 Metaspace       used 67209K, capacity 70222K, committed 70488K, reserved 1110016K
  class space    used 8959K, capacity 9557K, committed 9600K, reserved 1048576K
}

Deoptimization events (10 events):
Event: 25.132 Thread 0x0000000019ed9000 Uncommon trap: reason=array_check action=maybe_recompile pc=0x000000000479f5cc method=java.util.TimSort.reverseRange([Ljava/lang/Object;II)V @ 20
Event: 25.132 Thread 0x0000000019ed9000 Uncommon trap: reason=array_check action=maybe_recompile pc=0x000000000479f5cc method=java.util.TimSort.reverseRange([Ljava/lang/Object;II)V @ 20
Event: 25.132 Thread 0x0000000019ed9000 Uncommon trap: reason=array_check action=maybe_recompile pc=0x000000000479f5cc method=java.util.TimSort.reverseRange([Ljava/lang/Object;II)V @ 20
Event: 25.257 Thread 0x0000000019edc000 Uncommon trap: reason=array_check action=maybe_recompile pc=0x00000000047c4868 method=java.util.TimSort.reverseRange([Ljava/lang/Object;II)V @ 27
Event: 25.257 Thread 0x0000000019edc000 Uncommon trap: reason=array_check action=maybe_recompile pc=0x00000000047c4868 method=java.util.TimSort.reverseRange([Ljava/lang/Object;II)V @ 27
Event: 25.610 Thread 0x0000000019edd000 Uncommon trap: reason=unstable_if action=reinterpret pc=0x000000000478e61c method=com.android.tools.r8.ir.optimize.MoveEliminator.shouldBeEliminated(Lcom/android/tools/r8/ir/code/Instruction;)Z @ 140
Event: 26.012 Thread 0x0000000019ed7800 Uncommon trap: reason=unstable_if action=reinterpret pc=0x0000000004724af4 method=com.android.tools.r8.ir.regalloc.LinearScanRegisterAllocator.allocateSingleInterval(Lcom/android/tools/r8/ir/regalloc/LiveIntervals;Lcom/android/tools/r8/ir/regalloc/LinearS
Event: 27.105 Thread 0x0000000019edd000 Uncommon trap: reason=unstable_if action=reinterpret pc=0x00000000047bf998 method=com.android.tools.r8.graph.DexString.countBytes(Ljava/lang/String;)I @ 25
Event: 27.313 Thread 0x0000000019ed6000 Uncommon trap: reason=unstable_if action=reinterpret pc=0x00000000047bec44 method=com.android.tools.r8.ir.regalloc.RegisterPositions.hasType(ILcom/android/tools/r8/ir/regalloc/RegisterPositions$Type;)Z @ 57
Event: 27.349 Thread 0x0000000019ed6000 Uncommon trap: reason=unstable_if action=reinterpret pc=0x000000000331b25c method=com.android.tools.r8.ir.regalloc.RegisterPositions.hasType(ILcom/android/tools/r8/ir/regalloc/RegisterPositions$Type;)Z @ 57

Classes redefined (0 events):
No events

Internal exceptions (10 events):
Event: 18.005 Thread 0x000000001be9f000 Exception <a 'sun/nio/fs/WindowsException'> (0x00000000e4967cb8) thrown at [D:\src\AOSP-openjdk-cygwin\jdk8u\hotspot\src\share\vm\prims\jni.cpp, line 709]
Event: 18.017 Thread 0x000000001be9f000 Exception <a 'sun/nio/fs/WindowsException'> (0x00000000e499d720) thrown at [D:\src\AOSP-openjdk-cygwin\jdk8u\hotspot\src\share\vm\prims\jni.cpp, line 709]
Event: 18.017 Thread 0x000000001be9f000 Exception <a 'sun/nio/fs/WindowsException'> (0x00000000e499e288) thrown at [D:\src\AOSP-openjdk-cygwin\jdk8u\hotspot\src\share\vm\prims\jni.cpp, line 709]
Event: 18.017 Thread 0x000000001be9f000 Exception <a 'sun/nio/fs/WindowsException'> (0x00000000e499f7f0) thrown at [D:\src\AOSP-openjdk-cygwin\jdk8u\hotspot\src\share\vm\prims\jni.cpp, line 709]
Event: 18.031 Thread 0x000000001be9f000 Exception <a 'sun/nio/fs/WindowsException'> (0x00000000e49fb900) thrown at [D:\src\AOSP-openjdk-cygwin\jdk8u\hotspot\src\share\vm\prims\jni.cpp, line 709]
Event: 18.031 Thread 0x000000001be9f000 Exception <a 'sun/nio/fs/WindowsException'> (0x00000000e49fc468) thrown at [D:\src\AOSP-openjdk-cygwin\jdk8u\hotspot\src\share\vm\prims\jni.cpp, line 709]
Event: 18.032 Thread 0x000000001be9f000 Exception <a 'sun/nio/fs/WindowsException'> (0x00000000e49fd9d0) thrown at [D:\src\AOSP-openjdk-cygwin\jdk8u\hotspot\src\share\vm\prims\jni.cpp, line 709]
Event: 18.043 Thread 0x000000001be9f000 Exception <a 'sun/nio/fs/WindowsException'> (0x00000000e4a2a768) thrown at [D:\src\AOSP-openjdk-cygwin\jdk8u\hotspot\src\share\vm\prims\jni.cpp, line 709]
Event: 18.043 Thread 0x000000001be9f000 Exception <a 'sun/nio/fs/WindowsException'> (0x00000000e4a2b2d0) thrown at [D:\src\AOSP-openjdk-cygwin\jdk8u\hotspot\src\share\vm\prims\jni.cpp, line 709]
Event: 18.043 Thread 0x000000001be9f000 Exception <a 'sun/nio/fs/WindowsException'> (0x00000000e4a2c838) thrown at [D:\src\AOSP-openjdk-cygwin\jdk8u\hotspot\src\share\vm\prims\jni.cpp, line 709]

Events (10 events):
Event: 27.838 Thread 0x0000000019ed7800 DEOPT PACKING pc=0x0000000004261285 sp=0x0000000031e1ea60
Event: 27.838 Thread 0x0000000019ed7800 DEOPT UNPACKING pc=0x00000000028671d0 sp=0x0000000031e1e790 mode 0
Event: 27.862 Thread 0x0000000019ee0000 Thread added: 0x0000000019ee0000
Event: 27.862 Thread 0x0000000019ee0800 Thread added: 0x0000000019ee0800
Event: 27.867 Thread 0x0000000019edd000 Thread exited: 0x0000000019edd000
Event: 27.883 Thread 0x0000000019ee0000 DEOPT PACKING pc=0x0000000003ee3d09 sp=0x000000003521e630
Event: 27.883 Thread 0x0000000019ee0000 DEOPT UNPACKING pc=0x00000000028671d0 sp=0x000000003521e400 mode 0
Event: 27.894 Thread 0x0000000019edb800 Thread exited: 0x0000000019edb800
Event: 27.896 Thread 0x0000000019edd800 DEOPT PACKING pc=0x0000000003ee3d09 sp=0x0000000034a1e0d0
Event: 27.896 Thread 0x0000000019edd800 DEOPT UNPACKING pc=0x00000000028671d0 sp=0x0000000034a1dea0 mode 0


Dynamic libraries:
0x00007ff69a070000 - 0x00007ff69a0a1000 	C:\Program Files\Android\Android Studio\jre\bin\java.exe
0x00007ffc3fd40000 - 0x00007ffc3ff21000 	C:\WINDOWS\SYSTEM32\ntdll.dll
0x00007ffc3f800000 - 0x00007ffc3f8b2000 	C:\WINDOWS\System32\KERNEL32.DLL
0x00007ffc3c300000 - 0x00007ffc3c573000 	C:\WINDOWS\System32\KERNELBASE.dll
0x00007ffc3e830000 - 0x00007ffc3e8d1000 	C:\WINDOWS\System32\ADVAPI32.dll
0x00007ffc3f8e0000 - 0x00007ffc3f97e000 	C:\WINDOWS\System32\msvcrt.dll
0x00007ffc3f390000 - 0x00007ffc3f3eb000 	C:\WINDOWS\System32\sechost.dll
0x00007ffc3f6d0000 - 0x00007ffc3f7f4000 	C:\WINDOWS\System32\RPCRT4.dll
0x00007ffc3e6a0000 - 0x00007ffc3e830000 	C:\WINDOWS\System32\USER32.dll
0x00007ffc3c580000 - 0x00007ffc3c5a0000 	C:\WINDOWS\System32\win32u.dll
0x00007ffc3e670000 - 0x00007ffc3e698000 	C:\WINDOWS\System32\GDI32.dll
0x00007ffc3d030000 - 0x00007ffc3d1c2000 	C:\WINDOWS\System32\gdi32full.dll
0x00007ffc3c5a0000 - 0x00007ffc3c63f000 	C:\WINDOWS\System32\msvcp_win.dll
0x00007ffc3c750000 - 0x00007ffc3c84a000 	C:\WINDOWS\System32\ucrtbase.dll
0x00007ffc313d0000 - 0x00007ffc31639000 	C:\WINDOWS\WinSxS\amd64_microsoft.windows.common-controls_6595b64144ccf1df_6.0.17134.191_none_fb3e94b130690543\COMCTL32.dll
0x00007ffc3eb10000 - 0x00007ffc3ee33000 	C:\WINDOWS\System32\combase.dll
0x00007ffc3c850000 - 0x00007ffc3c8ca000 	C:\WINDOWS\System32\bcryptPrimitives.dll
0x00007ffc3f290000 - 0x00007ffc3f2bd000 	C:\WINDOWS\System32\IMM32.DLL
0x0000000061460000 - 0x0000000061532000 	C:\Program Files\Android\Android Studio\jre\jre\bin\msvcr100.dll
0x0000000061540000 - 0x0000000061d7f000 	C:\Program Files\Android\Android Studio\jre\jre\bin\server\jvm.dll
0x00007ffc3f8d0000 - 0x00007ffc3f8d8000 	C:\WINDOWS\System32\PSAPI.DLL
0x00007ffc3ad40000 - 0x00007ffc3ad49000 	C:\WINDOWS\SYSTEM32\WSOCK32.dll
0x00007ffc39310000 - 0x00007ffc39333000 	C:\WINDOWS\SYSTEM32\WINMM.dll
0x00007ffc3e9f0000 - 0x00007ffc3ea5c000 	C:\WINDOWS\System32\WS2_32.dll
0x00007ffc38620000 - 0x00007ffc3864a000 	C:\WINDOWS\SYSTEM32\WINMMBASE.dll
0x00007ffc3c8d0000 - 0x00007ffc3c919000 	C:\WINDOWS\System32\cfgmgr32.dll
0x00007ffc3acc0000 - 0x00007ffc3acca000 	C:\WINDOWS\SYSTEM32\VERSION.dll
0x00007ffc2a6f0000 - 0x00007ffc2a6ff000 	C:\Program Files\Android\Android Studio\jre\jre\bin\verify.dll
0x00007ffc29380000 - 0x00007ffc293a9000 	C:\Program Files\Android\Android Studio\jre\jre\bin\java.dll
0x00007ffc28b50000 - 0x00007ffc28b66000 	C:\Program Files\Android\Android Studio\jre\jre\bin\zip.dll
0x00007ffc3d230000 - 0x00007ffc3e670000 	C:\WINDOWS\System32\SHELL32.dll
0x00007ffc3ea60000 - 0x00007ffc3eb09000 	C:\WINDOWS\System32\shcore.dll
0x00007ffc3c920000 - 0x00007ffc3d02d000 	C:\WINDOWS\System32\windows.storage.dll
0x00007ffc3f610000 - 0x00007ffc3f661000 	C:\WINDOWS\System32\shlwapi.dll
0x00007ffc3c0b0000 - 0x00007ffc3c0c1000 	C:\WINDOWS\System32\kernel.appcore.dll
0x00007ffc3c0d0000 - 0x00007ffc3c0ef000 	C:\WINDOWS\System32\profapi.dll
0x00007ffc3c050000 - 0x00007ffc3c09c000 	C:\WINDOWS\System32\powrprof.dll
0x00007ffc3c0a0000 - 0x00007ffc3c0aa000 	C:\WINDOWS\System32\FLTLIB.DLL
0x00007ffc28b30000 - 0x00007ffc28b4a000 	C:\Program Files\Android\Android Studio\jre\jre\bin\net.dll
0x00007ffc3b8d0000 - 0x00007ffc3b936000 	C:\WINDOWS\system32\mswsock.dll
0x00007ffc28b10000 - 0x00007ffc28b21000 	C:\Program Files\Android\Android Studio\jre\jre\bin\nio.dll
0x00007ffc2cce0000 - 0x00007ffc2ccfe000 	C:\Users\Mauricio\.gradle\native\25\windows-amd64\native-platform.dll
0x00007ffc29370000 - 0x00007ffc2937d000 	C:\Program Files\Android\Android Studio\jre\jre\bin\management.dll
0x00007ffc3ba90000 - 0x00007ffc3baa7000 	C:\WINDOWS\SYSTEM32\CRYPTSP.dll
0x00007ffc3b4b0000 - 0x00007ffc3b4e3000 	C:\WINDOWS\system32\rsaenh.dll
0x00007ffc3bbb0000 - 0x00007ffc3bbd5000 	C:\WINDOWS\SYSTEM32\bcrypt.dll
0x00007ffc3bf50000 - 0x00007ffc3bf78000 	C:\WINDOWS\SYSTEM32\USERENV.dll
0x00007ffc3ba80000 - 0x00007ffc3ba8b000 	C:\WINDOWS\SYSTEM32\CRYPTBASE.dll
0x00007ffc3b650000 - 0x00007ffc3b688000 	C:\WINDOWS\SYSTEM32\IPHLPAPI.DLL
0x00007ffc3fae0000 - 0x00007ffc3fae8000 	C:\WINDOWS\System32\NSI.dll
0x00007ffc31830000 - 0x00007ffc31846000 	C:\WINDOWS\SYSTEM32\dhcpcsvc6.DLL
0x00007ffc31810000 - 0x00007ffc3182a000 	C:\WINDOWS\SYSTEM32\dhcpcsvc.DLL

VM Arguments:
jvm_args: -Xmx1536m -Dfile.encoding=windows-1252 -Duser.country=CO -Duser.language=es -Duser.variant 
java_command: org.gradle.launcher.daemon.bootstrap.GradleDaemon 4.4
java_class_path (initial): C:\Users\Mauricio\.gradle\wrapper\dists\gradle-4.4-all\9br9xq1tocpiv8o6njlyu5op1\gradle-4.4\lib\gradle-launcher-4.4.jar
Launcher Type: SUN_STANDARD

Environment Variables:
PATH=C:\Program Files (x86)\Common Files\Oracle\Java\javapath;C:\ProgramData\Oracle\Java\javapath;C:\Program Files (x86)\NVIDIA Corporation\PhysX\Common;C:\WINDOWS\system32;C:\WINDOWS;C:\WINDOWS\System32\Wbem;C:\WINDOWS\System32\WindowsPowerShell\v1.0\;C:\Program Files (x86)\ATI Technologies\ATI.ACE\Core-Static;C:\Program Files (x86)\AMD\ATI.ACE\Core-Static;C:\Program Files (x86)\Windows Kits\8.1\Windows Performance Toolkit\;C:\Program Files\Microsoft SQL Server\110\Tools\Binn\;C:\Program Files\Microsoft SQL Server\120\Tools\Binn\;C:\Users\Mauricio\.dnx\bin;C:\Program Files\Microsoft DNX\Dnvm\;C:\Program Files (x86)\Skype\Phone\;C:\Program Files\Microsoft Network Monitor 3\;C:\Program Files\Calibre2\;C:\Program Files\nodejs\;C:\WINDOWS\System32\OpenSSH\;C:\Program Files\Git\cmd;C:\Users\Mauricio\AppData\Local\Microsoft\WindowsApps;C:\Users\Mauricio\AppData\Local\GitHubDesktop\bin;C:\Users\Mauricio\AppData\Local\Microsoft\WindowsApps;C:\Program Files\Microsoft VS Code\bin;C:\Users\Mauricio\AppData\Roaming\npm;
USERNAME=Mauricio
OS=Windows_NT
PROCESSOR_IDENTIFIER=AMD64 Family 21 Model 1 Stepping 2, AuthenticAMD



---------------  S Y S T E M  ---------------

OS: Windows 10.0 , 64 bit Build 17134 (10.0.17134.1)

CPU:total 6 (initial active 6) (6 cores per cpu, 1 threads per core) family 21 model 1 stepping 2, cmov, cx8, fxsr, mmx, sse, sse2, sse3, ssse3, sse4.1, sse4.2, popcnt, avx, aes, clmul, mmxext, 3dnowpref, lzcnt, sse4a, tsc, tscinvbit, tscinv

Memory: 4k page, physical 6813236k(984620k free), swap 8861236k(5972k free)

vm_info: OpenJDK 64-Bit Server VM (25.152-b02) for windows-amd64 JRE (1.8.0_152-release-1024-b02), built by "builder" with MS VC++ 10.0 (VS2010)

time: Tue Aug 07 13:45:22 2018
elapsed time: 27 seconds (0d 0h 0m 27s)

