#
# There is insufficient memory for the Java Runtime Environment to continue.
# Native memory allocation (malloc) failed to allocate 1042176 bytes for Chunk::new
# Possible reasons:
#   The system is out of physical RAM or swap space
#   In 32 bit mode, the process size limit was hit
# Possible solutions:
#   Reduce memory load on the system
#   Increase physical memory or swap space
#   Check if swap backing store is full
#   Use 64 bit Java on a 64 bit OS
#   Decrease Java heap size (-Xmx/-Xms)
#   Decrease number of Java threads
#   Decrease Java thread stack sizes (-Xss)
#   Set larger code cache with -XX:ReservedCodeCacheSize=
# This output file may be truncated or incomplete.
#
#  Out of Memory Error (allocation.cpp:390), pid=13844, tid=0x0000000000002a80
#
# JRE version: OpenJDK Runtime Environment (8.0_152-b02) (build 1.8.0_152-release-1024-b02)
# Java VM: OpenJDK 64-Bit Server VM (25.152-b02 mixed mode windows-amd64 compressed oops)
# Failed to write core dump. Minidumps are not enabled by default on client versions of Windows
#

---------------  T H R E A D  ---------------

Current thread (0x00000000169b5000):  JavaThread "C2 CompilerThread0" daemon [_thread_in_native, id=10880, stack(0x0000000018660000,0x0000000018760000)]

Stack: [0x0000000018660000,0x0000000018760000]
[error occurred during error reporting (printing stack bounds), id 0xc0000005]

Native frames: (J=compiled Java code, j=interpreted, Vv=VM code, C=native code)


Current CompileTask:
C2:  11020 4517   !   4       java.net.URLClassLoader$1::run (63 bytes)


---------------  P R O C E S S  ---------------

Java Threads: ( => current thread )
  0x000000001e368000 JavaThread "Memory manager" [_thread_blocked, id=11040, stack(0x00000000207c0000,0x00000000208c0000)]
  0x000000001a2ef800 JavaThread "build operations Thread 6" [_thread_blocked, id=14172, stack(0x00000000200c0000,0x00000000201c0000)]
  0x000000001a2f4000 JavaThread "build operations Thread 5" [_thread_blocked, id=15116, stack(0x000000001ffc0000,0x00000000200c0000)]
  0x000000001a2f2800 JavaThread "build operations Thread 4" [_thread_blocked, id=11380, stack(0x000000001fec0000,0x000000001ffc0000)]
  0x000000001a2f3800 JavaThread "build operations Thread 3" [_thread_blocked, id=9008, stack(0x000000001fdc0000,0x000000001fec0000)]
  0x000000001a2f2000 JavaThread "build operations Thread 2" [_thread_blocked, id=9044, stack(0x000000001fcc0000,0x000000001fdc0000)]
  0x000000001a2f5000 JavaThread "build operations" [_thread_blocked, id=3392, stack(0x000000001fbc0000,0x000000001fcc0000)]
  0x000000001a2f1000 JavaThread "Cache worker for Artifact transforms cache (C:\Users\Mauricio\.gradle\caches\transforms-1)" [_thread_blocked, id=14712, stack(0x000000001f6c0000,0x000000001f7c0000)]
  0x000000001a5b6000 JavaThread "Cache worker for file hash cache (C:\Users\Mauricio\Documents\GitHub\Soft2\Kpple\.gradle\4.4\fileHashes)" [_thread_blocked, id=11572, stack(0x000000001cca0000,0x000000001cda0000)]
  0x000000001a1c9000 JavaThread "File lock request listener" [_thread_in_native, id=6540, stack(0x000000001bad0000,0x000000001bbd0000)]
  0x0000000019d83800 JavaThread "Cache worker for file hash cache (C:\Users\Mauricio\.gradle\caches\4.4\fileHashes)" [_thread_blocked, id=644, stack(0x000000001b9d0000,0x000000001bad0000)]
  0x0000000019d83000 JavaThread "Stdin handler" [_thread_blocked, id=4816, stack(0x000000001b6d0000,0x000000001b7d0000)]
  0x0000000019d75000 JavaThread "Asynchronous log dispatcher for DefaultDaemonConnection: socket connection from /127.0.0.1:55456 to /127.0.0.1:55457" [_thread_blocked, id=14972, stack(0x000000001b5d0000,0x000000001b6d0000)]
  0x0000000019d71000 JavaThread "Daemon worker" [_thread_in_native, id=16328, stack(0x000000001b4d0000,0x000000001b5d0000)]
  0x0000000019f94000 JavaThread "Cancel handler" [_thread_blocked, id=7896, stack(0x000000001b3d0000,0x000000001b4d0000)]
  0x0000000019c65000 JavaThread "Handler for socket connection from /127.0.0.1:55456 to /127.0.0.1:55457" [_thread_in_native, id=3140, stack(0x000000001b0d0000,0x000000001b1d0000)]
  0x0000000019e56800 JavaThread "Daemon" [_thread_blocked, id=1764, stack(0x000000001afd0000,0x000000001b0d0000)]
  0x0000000019f2b000 JavaThread "Daemon periodic checks" [_thread_blocked, id=6336, stack(0x000000001aed0000,0x000000001afd0000)]
  0x0000000019e38000 JavaThread "Incoming local TCP Connector on port 55456" [_thread_in_native, id=3168, stack(0x000000001ac70000,0x000000001ad70000)]
  0x00000000189c9000 JavaThread "Service Thread" daemon [_thread_blocked, id=10440, stack(0x0000000018d60000,0x0000000018e60000)]
  0x00000000169bd800 JavaThread "C1 CompilerThread2" daemon [_thread_blocked, id=8692, stack(0x0000000018860000,0x0000000018960000)]
  0x00000000169b8000 JavaThread "C2 CompilerThread1" daemon [_thread_in_native, id=16256, stack(0x0000000018760000,0x0000000018860000)]
=>0x00000000169b5000 JavaThread "C2 CompilerThread0" daemon [_thread_in_native, id=10880, stack(0x0000000018660000,0x0000000018760000)]
  0x00000000169b1000 JavaThread "Attach Listener" daemon [_thread_blocked, id=7456, stack(0x0000000018560000,0x0000000018660000)]
  0x00000000169ad800 JavaThread "Signal Dispatcher" daemon [_thread_blocked, id=14304, stack(0x0000000018460000,0x0000000018560000)]
  0x0000000002df8800 JavaThread "Finalizer" daemon [_thread_blocked, id=12120, stack(0x0000000018240000,0x0000000018340000)]
  0x0000000002df5000 JavaThread "Reference Handler" daemon [_thread_blocked, id=6732, stack(0x0000000018140000,0x0000000018240000)]
  0x0000000002d02800 JavaThread "main" [_thread_blocked, id=11248, stack(0x0000000002b40000,0x0000000002c40000)]

Other Threads:
  0x0000000016976000 VMThread [stack: 0x0000000018040000,0x0000000018140000] [id=6684]
  0x00000000189ca000 WatcherThread [stack: 0x0000000018e60000,0x0000000018f60000] [id=9868]

VM state:not at safepoint (normal execution)

VM Mutex/Monitor currently owned by a thread: None

Heap:
 PSYoungGen      total 141312K, used 70780K [0x00000000e0000000, 0x00000000ebd00000, 0x0000000100000000)
  eden space 128000K, 44% used [0x00000000e0000000,0x00000000e3822d18,0x00000000e7d00000)
  from space 13312K, 99% used [0x00000000e7d00000,0x00000000e89fc390,0x00000000e8a00000)
  to   space 15360K, 0% used [0x00000000eae00000,0x00000000eae00000,0x00000000ebd00000)
 ParOldGen       total 83456K, used 18386K [0x00000000a0000000, 0x00000000a5180000, 0x00000000e0000000)
  object space 83456K, 22% used [0x00000000a0000000,0x00000000a11f49b8,0x00000000a5180000)
 Metaspace       used 48072K, capacity 49326K, committed 49496K, reserved 1091584K
  class space    used 6575K, capacity 6941K, committed 7000K, reserved 1048576K

Card table byte_map: [0x00000000121c0000,0x00000000124d0000] byte_map_base: 0x0000000011cc0000

Marking Bits: (ParMarkBitMap*) 0x0000000061d04970
 Begin Bits: [0x0000000012cd0000, 0x00000000144d0000)
 End Bits:   [0x00000000144d0000, 0x0000000015cd0000)

Polling page: 0x0000000000e10000

CodeCache: size=245760Kb used=15579Kb max_used=15579Kb free=230180Kb
 bounds [0x0000000002e00000, 0x0000000003d50000, 0x0000000011e00000]
 total_blobs=5126 nmethods=4388 adapters=652
 compilation: enabled

Compilation events (10 events):
Event: 10.915 Thread 0x00000000169bd800 4786       2       sun.nio.fs.WindowsFileAttributes::fromFileAttributeData (104 bytes)
Event: 10.916 Thread 0x00000000169bd800 nmethod 4786 0x0000000003d3ee50 code [0x0000000003d3efc0, 0x0000000003d3f208]
Event: 10.934 Thread 0x00000000169bd800 4787       2       sun.nio.fs.WindowsFileAttributes::isSymbolicLink (15 bytes)
Event: 10.935 Thread 0x00000000169bd800 nmethod 4787 0x0000000003d3f310 code [0x0000000003d3f460, 0x0000000003d3f5d0]
Event: 10.950 Thread 0x00000000169bd800 4788       2       java.lang.reflect.Modifier::isSynthetic (14 bytes)
Event: 10.950 Thread 0x00000000169bd800 nmethod 4788 0x0000000003d3f650 code [0x0000000003d3f7a0, 0x0000000003d3f8f0]
Event: 10.955 Thread 0x00000000169bd800 4789       2       java.lang.String::isEmpty (14 bytes)
Event: 10.956 Thread 0x00000000169bd800 nmethod 4789 0x0000000003d3f950 code [0x0000000003d3faa0, 0x0000000003d3fc10]
Event: 10.965 Thread 0x00000000169bd800 4790       2       sun.nio.fs.WindowsFileAttributes::isDirectory (25 bytes)
Event: 10.965 Thread 0x00000000169bd800 nmethod 4790 0x0000000003d3fcd0 code [0x0000000003d3fe20, 0x0000000003d3ffb0]

GC Heap History (10 events):
Event: 4.268 GC heap before
{Heap before GC invocations=7 (full 1):
 PSYoungGen      total 58368K, used 54272K [0x00000000e0000000, 0x00000000e7f00000, 0x0000000100000000)
  eden space 54272K, 100% used [0x00000000e0000000,0x00000000e3500000,0x00000000e3500000)
  from space 4096K, 0% used [0x00000000e3500000,0x00000000e3500000,0x00000000e3900000)
  to   space 10752K, 0% used [0x00000000e7480000,0x00000000e7480000,0x00000000e7f00000)
 ParOldGen       total 54784K, used 9732K [0x00000000a0000000, 0x00000000a3580000, 0x00000000e0000000)
  object space 54784K, 17% used [0x00000000a0000000,0x00000000a0981058,0x00000000a3580000)
 Metaspace       used 25271K, capacity 25778K, committed 25984K, reserved 1071104K
  class space    used 3523K, capacity 3692K, committed 3712K, reserved 1048576K
Event: 4.277 GC heap after
Heap after GC invocations=7 (full 1):
 PSYoungGen      total 90112K, used 5496K [0x00000000e0000000, 0x00000000e7a00000, 0x0000000100000000)
  eden space 84480K, 0% used [0x00000000e0000000,0x00000000e0000000,0x00000000e5280000)
  from space 5632K, 97% used [0x00000000e7480000,0x00000000e79de270,0x00000000e7a00000)
  to   space 10240K, 0% used [0x00000000e6600000,0x00000000e6600000,0x00000000e7000000)
 ParOldGen       total 54784K, used 9740K [0x00000000a0000000, 0x00000000a3580000, 0x00000000e0000000)
  object space 54784K, 17% used [0x00000000a0000000,0x00000000a0983058,0x00000000a3580000)
 Metaspace       used 25271K, capacity 25778K, committed 25984K, reserved 1071104K
  class space    used 3523K, capacity 3692K, committed 3712K, reserved 1048576K
}
Event: 5.817 GC heap before
{Heap before GC invocations=8 (full 1):
 PSYoungGen      total 90112K, used 89976K [0x00000000e0000000, 0x00000000e7a00000, 0x0000000100000000)
  eden space 84480K, 100% used [0x00000000e0000000,0x00000000e5280000,0x00000000e5280000)
  from space 5632K, 97% used [0x00000000e7480000,0x00000000e79de270,0x00000000e7a00000)
  to   space 10240K, 0% used [0x00000000e6600000,0x00000000e6600000,0x00000000e7000000)
 ParOldGen       total 54784K, used 9740K [0x00000000a0000000, 0x00000000a3580000, 0x00000000e0000000)
  object space 54784K, 17% used [0x00000000a0000000,0x00000000a0983058,0x00000000a3580000)
 Metaspace       used 30560K, capacity 31258K, committed 31488K, reserved 1077248K
  class space    used 4291K, capacity 4487K, committed 4608K, reserved 1048576K
Event: 5.832 GC heap after
Heap after GC invocations=8 (full 1):
 PSYoungGen      total 114688K, used 10227K [0x00000000e0000000, 0x00000000e9600000, 0x0000000100000000)
  eden space 104448K, 0% used [0x00000000e0000000,0x00000000e0000000,0x00000000e6600000)
  from space 10240K, 99% used [0x00000000e6600000,0x00000000e6ffcfa0,0x00000000e7000000)
  to   space 12288K, 0% used [0x00000000e8a00000,0x00000000e8a00000,0x00000000e9600000)
 ParOldGen       total 54784K, used 10765K [0x00000000a0000000, 0x00000000a3580000, 0x00000000e0000000)
  object space 54784K, 19% used [0x00000000a0000000,0x00000000a0a83588,0x00000000a3580000)
 Metaspace       used 30560K, capacity 31258K, committed 31488K, reserved 1077248K
  class space    used 4291K, capacity 4487K, committed 4608K, reserved 1048576K
}
Event: 7.493 GC heap before
{Heap before GC invocations=9 (full 1):
 PSYoungGen      total 114688K, used 39924K [0x00000000e0000000, 0x00000000e9600000, 0x0000000100000000)
  eden space 104448K, 28% used [0x00000000e0000000,0x00000000e1d002e0,0x00000000e6600000)
  from space 10240K, 99% used [0x00000000e6600000,0x00000000e6ffcfa0,0x00000000e7000000)
  to   space 12288K, 0% used [0x00000000e8a00000,0x00000000e8a00000,0x00000000e9600000)
 ParOldGen       total 54784K, used 10765K [0x00000000a0000000, 0x00000000a3580000, 0x00000000e0000000)
  object space 54784K, 19% used [0x00000000a0000000,0x00000000a0a83588,0x00000000a3580000)
 Metaspace       used 34391K, capacity 35272K, committed 35416K, reserved 1079296K
  class space    used 4819K, capacity 5127K, committed 5208K, reserved 1048576K
Event: 7.511 GC heap after
Heap after GC invocations=9 (full 1):
 PSYoungGen      total 140288K, used 11056K [0x00000000e0000000, 0x00000000eb380000, 0x0000000100000000)
  eden space 128000K, 0% used [0x00000000e0000000,0x00000000e0000000,0x00000000e7d00000)
  from space 12288K, 89% used [0x00000000e8a00000,0x00000000e94cc238,0x00000000e9600000)
  to   space 13312K, 0% used [0x00000000e7d00000,0x00000000e7d00000,0x00000000e8a00000)
 ParOldGen       total 54784K, used 10773K [0x00000000a0000000, 0x00000000a3580000, 0x00000000e0000000)
  object space 54784K, 19% used [0x00000000a0000000,0x00000000a0a85588,0x00000000a3580000)
 Metaspace       used 34391K, capacity 35272K, committed 35416K, reserved 1079296K
  class space    used 4819K, capacity 5127K, committed 5208K, reserved 1048576K
}
Event: 7.511 GC heap before
{Heap before GC invocations=10 (full 2):
 PSYoungGen      total 140288K, used 11056K [0x00000000e0000000, 0x00000000eb380000, 0x0000000100000000)
  eden space 128000K, 0% used [0x00000000e0000000,0x00000000e0000000,0x00000000e7d00000)
  from space 12288K, 89% used [0x00000000e8a00000,0x00000000e94cc238,0x00000000e9600000)
  to   space 13312K, 0% used [0x00000000e7d00000,0x00000000e7d00000,0x00000000e8a00000)
 ParOldGen       total 54784K, used 10773K [0x00000000a0000000, 0x00000000a3580000, 0x00000000e0000000)
  object space 54784K, 19% used [0x00000000a0000000,0x00000000a0a85588,0x00000000a3580000)
 Metaspace       used 34391K, capacity 35272K, committed 35416K, reserved 1079296K
  class space    used 4819K, capacity 5127K, committed 5208K, reserved 1048576K
Event: 7.592 GC heap after
Heap after GC invocations=10 (full 2):
 PSYoungGen      total 140288K, used 0K [0x00000000e0000000, 0x00000000eb380000, 0x0000000100000000)
  eden space 128000K, 0% used [0x00000000e0000000,0x00000000e0000000,0x00000000e7d00000)
  from space 12288K, 0% used [0x00000000e8a00000,0x00000000e8a00000,0x00000000e9600000)
  to   space 13312K, 0% used [0x00000000e7d00000,0x00000000e7d00000,0x00000000e8a00000)
 ParOldGen       total 83456K, used 17440K [0x00000000a0000000, 0x00000000a5180000, 0x00000000e0000000)
  object space 83456K, 20% used [0x00000000a0000000,0x00000000a1108128,0x00000000a5180000)
 Metaspace       used 34391K, capacity 35272K, committed 35416K, reserved 1079296K
  class space    used 4819K, capacity 5127K, committed 5208K, reserved 1048576K
}
Event: 9.410 GC heap before
{Heap before GC invocations=11 (full 2):
 PSYoungGen      total 140288K, used 128000K [0x00000000e0000000, 0x00000000eb380000, 0x0000000100000000)
  eden space 128000K, 100% used [0x00000000e0000000,0x00000000e7d00000,0x00000000e7d00000)
  from space 12288K, 0% used [0x00000000e8a00000,0x00000000e8a00000,0x00000000e9600000)
  to   space 13312K, 0% used [0x00000000e7d00000,0x00000000e7d00000,0x00000000e8a00000)
 ParOldGen       total 83456K, used 17440K [0x00000000a0000000, 0x00000000a5180000, 0x00000000e0000000)
  object space 83456K, 20% used [0x00000000a0000000,0x00000000a1108128,0x00000000a5180000)
 Metaspace       used 41568K, capacity 42740K, committed 42968K, reserved 1085440K
  class space    used 5717K, capacity 6095K, committed 6104K, reserved 1048576K
Event: 9.437 GC heap after
Heap after GC invocations=11 (full 2):
 PSYoungGen      total 141312K, used 13296K [0x00000000e0000000, 0x00000000ebd00000, 0x0000000100000000)
  eden space 128000K, 0% used [0x00000000e0000000,0x00000000e0000000,0x00000000e7d00000)
  from space 13312K, 99% used [0x00000000e7d00000,0x00000000e89fc390,0x00000000e8a00000)
  to   space 15360K, 0% used [0x00000000eae00000,0x00000000eae00000,0x00000000ebd00000)
 ParOldGen       total 83456K, used 18386K [0x00000000a0000000, 0x00000000a5180000, 0x00000000e0000000)
  object space 83456K, 22% used [0x00000000a0000000,0x00000000a11f49b8,0x00000000a5180000)
 Metaspace       used 41568K, capacity 42740K, committed 42968K, reserved 1085440K
  class space    used 5717K, capacity 6095K, committed 6104K, reserved 1048576K
}

Deoptimization events (10 events):
Event: 9.310 Thread 0x0000000019d71000 Uncommon trap: reason=bimorphic action=maybe_recompile pc=0x00000000037db550 method=org.codehaus.groovy.runtime.metaclass.MetaMethodIndex.addMethodToList(Ljava/lang/Object;Lgroovy/lang/MetaMethod;)Ljava/lang/Object; @ 102
Event: 9.310 Thread 0x0000000019d71000 Uncommon trap: reason=bimorphic action=maybe_recompile pc=0x00000000037db550 method=org.codehaus.groovy.runtime.metaclass.MetaMethodIndex.addMethodToList(Ljava/lang/Object;Lgroovy/lang/MetaMethod;)Ljava/lang/Object; @ 102
Event: 10.168 Thread 0x0000000019d71000 Uncommon trap: reason=class_check action=maybe_recompile pc=0x0000000003385c34 method=java.io.DataInputStream.readUnsignedShort()I @ 4
Event: 10.168 Thread 0x0000000019d71000 Uncommon trap: reason=class_check action=maybe_recompile pc=0x0000000003385c34 method=java.io.DataInputStream.readUnsignedShort()I @ 4
Event: 10.168 Thread 0x0000000019d71000 Uncommon trap: reason=class_check action=maybe_recompile pc=0x0000000003385c34 method=java.io.DataInputStream.readUnsignedShort()I @ 4
Event: 10.168 Thread 0x0000000019d71000 Uncommon trap: reason=class_check action=maybe_recompile pc=0x0000000003385c34 method=java.io.DataInputStream.readUnsignedShort()I @ 4
Event: 10.222 Thread 0x0000000019d71000 Uncommon trap: reason=unstable_if action=reinterpret pc=0x0000000003c55784 method=java.io.DataInputStream.readUTF(Ljava/io/DataInput;)Ljava/lang/String; @ 31
Event: 10.455 Thread 0x0000000019d71000 Uncommon trap: reason=unstable_if action=reinterpret pc=0x00000000035fd8fc method=java.util.WeakHashMap.remove(Ljava/lang/Object;)Ljava/lang/Object; @ 94
Event: 10.477 Thread 0x0000000019d71000 Uncommon trap: reason=unstable_if action=reinterpret pc=0x0000000002f69260 method=java.util.regex.Pattern$BmpCharProperty.match(Ljava/util/regex/Matcher;ILjava/lang/CharSequence;)Z @ 34
Event: 10.539 Thread 0x0000000019d71000 Uncommon trap: reason=unstable_if action=reinterpret pc=0x0000000003ca419c method=java.lang.CharacterDataLatin1.digit(II)I @ 31

Classes redefined (0 events):
No events

Internal exceptions (10 events):
Event: 10.801 Thread 0x0000000019d71000 Exception <a 'sun/nio/fs/WindowsException'> (0x00000000e357a208) thrown at [D:\src\AOSP-openjdk-cygwin\jdk8u\hotspot\src\share\vm\prims\jni.cpp, line 709]
Event: 10.801 Thread 0x0000000019d71000 Exception <a 'sun/nio/fs/WindowsException'> (0x00000000e357bda8) thrown at [D:\src\AOSP-openjdk-cygwin\jdk8u\hotspot\src\share\vm\prims\jni.cpp, line 709]
Event: 10.802 Thread 0x0000000019d71000 Exception <a 'sun/nio/fs/WindowsException'> (0x00000000e357c950) thrown at [D:\src\AOSP-openjdk-cygwin\jdk8u\hotspot\src\share\vm\prims\jni.cpp, line 709]
Event: 10.803 Thread 0x0000000019d71000 Exception <a 'sun/nio/fs/WindowsException'> (0x00000000e3581388) thrown at [D:\src\AOSP-openjdk-cygwin\jdk8u\hotspot\src\share\vm\prims\jni.cpp, line 709]
Event: 10.803 Thread 0x0000000019d71000 Exception <a 'sun/nio/fs/WindowsException'> (0x00000000e3581ee0) thrown at [D:\src\AOSP-openjdk-cygwin\jdk8u\hotspot\src\share\vm\prims\jni.cpp, line 709]
Event: 10.803 Thread 0x0000000019d71000 Exception <a 'sun/nio/fs/WindowsException'> (0x00000000e3583a80) thrown at [D:\src\AOSP-openjdk-cygwin\jdk8u\hotspot\src\share\vm\prims\jni.cpp, line 709]
Event: 10.804 Thread 0x0000000019d71000 Exception <a 'sun/nio/fs/WindowsException'> (0x00000000e3584610) thrown at [D:\src\AOSP-openjdk-cygwin\jdk8u\hotspot\src\share\vm\prims\jni.cpp, line 709]
Event: 10.822 Thread 0x0000000019d71000 Exception <a 'java/lang/NoSuchMethodError': java.lang.Object.lambda$comparing$77a9974f$1(Ljava/util/function/Function;Ljava/lang/Object;Ljava/lang/Object;)I> (0x00000000e360ad08) thrown at [D:\src\AOSP-openjdk-cygwin\jdk8u\hotspot\src\share\vm\interpreter
Event: 10.823 Thread 0x0000000019d71000 Exception <a 'java/lang/NoSuchMethodError': java.lang.Object.lambda$thenComparing$36697e65$1(Ljava/util/Comparator;Ljava/lang/Object;Ljava/lang/Object;)I> (0x00000000e3616388) thrown at [D:\src\AOSP-openjdk-cygwin\jdk8u\hotspot\src\share\vm\interpreter\li
Event: 10.893 Thread 0x0000000019d71000 Exception <a 'java/lang/NoSuchMethodError': java.lang.Object.lambda$maxBy$1(Ljava/util/Comparator;Ljava/lang/Object;Ljava/lang/Object;)Ljava/lang/Object;> (0x00000000e3765640) thrown at [D:\src\AOSP-openjdk-cygwin\jdk8u\hotspot\src\share\vm\interpreter\li

Events (10 events):
Event: 10.893 loading class java/util/stream/ReduceOps$2ReducingSink
Event: 10.894 loading class java/util/stream/ReduceOps$2ReducingSink done
Event: 10.894 loading class java/util/stream/ReferencePipeline$2$1
Event: 10.894 loading class java/util/stream/ReferencePipeline$2$1 done
Event: 10.894 loading class com/android/sdklib/BuildToolInfo$PathId
Event: 10.894 loading class com/android/sdklib/BuildToolInfo$PathId done
Event: 10.901 loading class com/android/sdklib/repository/PackageParserUtils
Event: 10.901 loading class com/android/sdklib/repository/PackageParserUtils done
Event: 10.947 loading class com/android/sdklib/AndroidTargetHash
Event: 10.947 loading class com/android/sdklib/AndroidTargetHash done


Dynamic libraries:
0x00007ff6763d0000 - 0x00007ff676401000 	C:\Program Files\Android\Android Studio\jre\bin\java.exe
0x00007ffc3fd40000 - 0x00007ffc3ff21000 	C:\WINDOWS\SYSTEM32\ntdll.dll
0x00007ffc3f800000 - 0x00007ffc3f8b2000 	C:\WINDOWS\System32\KERNEL32.DLL
0x00007ffc3c300000 - 0x00007ffc3c573000 	C:\WINDOWS\System32\KERNELBASE.dll
0x00007ffc3e830000 - 0x00007ffc3e8d1000 	C:\WINDOWS\System32\ADVAPI32.dll
0x00007ffc3f8e0000 - 0x00007ffc3f97e000 	C:\WINDOWS\System32\msvcrt.dll
0x00007ffc3f390000 - 0x00007ffc3f3eb000 	C:\WINDOWS\System32\sechost.dll
0x00007ffc3f6d0000 - 0x00007ffc3f7f4000 	C:\WINDOWS\System32\RPCRT4.dll
0x00007ffc3e6a0000 - 0x00007ffc3e830000 	C:\WINDOWS\System32\USER32.dll
0x00007ffc3c580000 - 0x00007ffc3c5a0000 	C:\WINDOWS\System32\win32u.dll
0x00007ffc3e670000 - 0x00007ffc3e698000 	C:\WINDOWS\System32\GDI32.dll
0x00007ffc3d030000 - 0x00007ffc3d1c2000 	C:\WINDOWS\System32\gdi32full.dll
0x00007ffc3c5a0000 - 0x00007ffc3c63f000 	C:\WINDOWS\System32\msvcp_win.dll
0x00007ffc3c750000 - 0x00007ffc3c84a000 	C:\WINDOWS\System32\ucrtbase.dll
0x00007ffc313d0000 - 0x00007ffc31639000 	C:\WINDOWS\WinSxS\amd64_microsoft.windows.common-controls_6595b64144ccf1df_6.0.17134.191_none_fb3e94b130690543\COMCTL32.dll
0x00007ffc3eb10000 - 0x00007ffc3ee33000 	C:\WINDOWS\System32\combase.dll
0x00007ffc3c850000 - 0x00007ffc3c8ca000 	C:\WINDOWS\System32\bcryptPrimitives.dll
0x00007ffc3f290000 - 0x00007ffc3f2bd000 	C:\WINDOWS\System32\IMM32.DLL
0x0000000061460000 - 0x0000000061532000 	C:\Program Files\Android\Android Studio\jre\jre\bin\msvcr100.dll
0x0000000061540000 - 0x0000000061d7f000 	C:\Program Files\Android\Android Studio\jre\jre\bin\server\jvm.dll
0x00007ffc3f8d0000 - 0x00007ffc3f8d8000 	C:\WINDOWS\System32\PSAPI.DLL
0x00007ffc3acc0000 - 0x00007ffc3acca000 	C:\WINDOWS\SYSTEM32\VERSION.dll
0x00007ffc39310000 - 0x00007ffc39333000 	C:\WINDOWS\SYSTEM32\WINMM.dll
0x00007ffc3ad40000 - 0x00007ffc3ad49000 	C:\WINDOWS\SYSTEM32\WSOCK32.dll
0x00007ffc3e9f0000 - 0x00007ffc3ea5c000 	C:\WINDOWS\System32\WS2_32.dll
0x00007ffc38620000 - 0x00007ffc3864a000 	C:\WINDOWS\SYSTEM32\WINMMBASE.dll
0x00007ffc3c8d0000 - 0x00007ffc3c919000 	C:\WINDOWS\System32\cfgmgr32.dll
0x00007ffc2a6f0000 - 0x00007ffc2a6ff000 	C:\Program Files\Android\Android Studio\jre\jre\bin\verify.dll
0x00007ffc29380000 - 0x00007ffc293a9000 	C:\Program Files\Android\Android Studio\jre\jre\bin\java.dll
0x00007ffc28b50000 - 0x00007ffc28b66000 	C:\Program Files\Android\Android Studio\jre\jre\bin\zip.dll
0x00007ffc3d230000 - 0x00007ffc3e670000 	C:\WINDOWS\System32\SHELL32.dll
0x00007ffc3ea60000 - 0x00007ffc3eb09000 	C:\WINDOWS\System32\shcore.dll
0x00007ffc3c920000 - 0x00007ffc3d02d000 	C:\WINDOWS\System32\windows.storage.dll
0x00007ffc3f610000 - 0x00007ffc3f661000 	C:\WINDOWS\System32\shlwapi.dll
0x00007ffc3c0b0000 - 0x00007ffc3c0c1000 	C:\WINDOWS\System32\kernel.appcore.dll
0x00007ffc3c0d0000 - 0x00007ffc3c0ef000 	C:\WINDOWS\System32\profapi.dll
0x00007ffc3c050000 - 0x00007ffc3c09c000 	C:\WINDOWS\System32\powrprof.dll
0x00007ffc3c0a0000 - 0x00007ffc3c0aa000 	C:\WINDOWS\System32\FLTLIB.DLL
0x00007ffc28b30000 - 0x00007ffc28b4a000 	C:\Program Files\Android\Android Studio\jre\jre\bin\net.dll
0x00007ffc3b8d0000 - 0x00007ffc3b936000 	C:\WINDOWS\system32\mswsock.dll
0x00007ffc28b10000 - 0x00007ffc28b21000 	C:\Program Files\Android\Android Studio\jre\jre\bin\nio.dll
0x00007ffc2cce0000 - 0x00007ffc2ccfe000 	C:\Users\Mauricio\.gradle\native\25\windows-amd64\native-platform.dll
0x00007ffc29370000 - 0x00007ffc2937d000 	C:\Program Files\Android\Android Studio\jre\jre\bin\management.dll
0x00007ffc3ba90000 - 0x00007ffc3baa7000 	C:\WINDOWS\SYSTEM32\CRYPTSP.dll
0x00007ffc3b4b0000 - 0x00007ffc3b4e3000 	C:\WINDOWS\system32\rsaenh.dll
0x00007ffc3bbb0000 - 0x00007ffc3bbd5000 	C:\WINDOWS\SYSTEM32\bcrypt.dll
0x00007ffc3bf50000 - 0x00007ffc3bf78000 	C:\WINDOWS\SYSTEM32\USERENV.dll
0x00007ffc3ba80000 - 0x00007ffc3ba8b000 	C:\WINDOWS\SYSTEM32\CRYPTBASE.dll
0x00007ffc3b650000 - 0x00007ffc3b688000 	C:\WINDOWS\SYSTEM32\IPHLPAPI.DLL
0x00007ffc3fae0000 - 0x00007ffc3fae8000 	C:\WINDOWS\System32\NSI.dll
0x00007ffc31830000 - 0x00007ffc31846000 	C:\WINDOWS\SYSTEM32\dhcpcsvc6.DLL
0x00007ffc31810000 - 0x00007ffc3182a000 	C:\WINDOWS\SYSTEM32\dhcpcsvc.DLL

VM Arguments:
jvm_args: -Xmx1536m -Dfile.encoding=windows-1252 -Duser.country=CO -Duser.language=es -Duser.variant 
java_command: org.gradle.launcher.daemon.bootstrap.GradleDaemon 4.4
java_class_path (initial): C:\Users\Mauricio\.gradle\wrapper\dists\gradle-4.4-all\9br9xq1tocpiv8o6njlyu5op1\gradle-4.4\lib\gradle-launcher-4.4.jar
Launcher Type: SUN_STANDARD

Environment Variables:
PATH=C:\Program Files (x86)\Common Files\Oracle\Java\javapath;C:\ProgramData\Oracle\Java\javapath;C:\Program Files (x86)\NVIDIA Corporation\PhysX\Common;C:\WINDOWS\system32;C:\WINDOWS;C:\WINDOWS\System32\Wbem;C:\WINDOWS\System32\WindowsPowerShell\v1.0\;C:\Program Files (x86)\ATI Technologies\ATI.ACE\Core-Static;C:\Program Files (x86)\AMD\ATI.ACE\Core-Static;C:\Program Files (x86)\Windows Kits\8.1\Windows Performance Toolkit\;C:\Program Files\Microsoft SQL Server\110\Tools\Binn\;C:\Program Files\Microsoft SQL Server\120\Tools\Binn\;C:\Users\Mauricio\.dnx\bin;C:\Program Files\Microsoft DNX\Dnvm\;C:\Program Files (x86)\Skype\Phone\;C:\Program Files\Microsoft Network Monitor 3\;C:\Program Files\Calibre2\;C:\Program Files\nodejs\;C:\WINDOWS\System32\OpenSSH\;C:\Program Files\Git\cmd;C:\Users\Mauricio\AppData\Local\Microsoft\WindowsApps;C:\Users\Mauricio\AppData\Local\GitHubDesktop\bin;C:\Users\Mauricio\AppData\Local\Microsoft\WindowsApps;C:\Program Files\Microsoft VS Code\bin;C:\Users\Mauricio\AppData\Roaming\npm;
USERNAME=Mauricio
OS=Windows_NT
PROCESSOR_IDENTIFIER=AMD64 Family 21 Model 1 Stepping 2, AuthenticAMD



---------------  S Y S T E M  ---------------

OS: Windows 10.0 , 64 bit Build 17134 (10.0.17134.1)

CPU:total 6 (initial active 6) (6 cores per cpu, 1 threads per core) family 21 model 1 stepping 2, cmov, cx8, fxsr, mmx, sse, sse2, sse3, ssse3, sse4.1, sse4.2, popcnt, avx, aes, clmul, mmxext, 3dnowpref, lzcnt, sse4a, tsc, tscinvbit, tscinv

Memory: 4k page, physical 6813236k(1549412k free), swap 8861236k(5004k free)

vm_info: OpenJDK 64-Bit Server VM (25.152-b02) for windows-amd64 JRE (1.8.0_152-release-1024-b02), built by "builder" with MS VC++ 10.0 (VS2010)

time: Tue Aug 07 14:30:07 2018
elapsed time: 11 seconds (0d 0h 0m 11s)

