#
# There is insufficient memory for the Java Runtime Environment to continue.
# Native memory allocation (malloc) failed to allocate 1042336 bytes for Chunk::new
# Possible reasons:
#   The system is out of physical RAM or swap space
#   In 32 bit mode, the process size limit was hit
# Possible solutions:
#   Reduce memory load on the system
#   Increase physical memory or swap space
#   Check if swap backing store is full
#   Use 64 bit Java on a 64 bit OS
#   Decrease Java heap size (-Xmx/-Xms)
#   Decrease number of Java threads
#   Decrease Java thread stack sizes (-Xss)
#   Set larger code cache with -XX:ReservedCodeCacheSize=
# This output file may be truncated or incomplete.
#
#  Out of Memory Error (allocation.cpp:390), pid=4272, tid=0x000000000000226c
#
# JRE version: OpenJDK Runtime Environment (8.0_152-b02) (build 1.8.0_152-release-1024-b02)
# Java VM: OpenJDK 64-Bit Server VM (25.152-b02 mixed mode windows-amd64 compressed oops)
# Failed to write core dump. Minidumps are not enabled by default on client versions of Windows
#

---------------  T H R E A D  ---------------

Current thread (0x0000000016d97800):  JavaThread "C2 CompilerThread1" daemon [_thread_in_native, id=8812, stack(0x0000000018b20000,0x0000000018c20000)]

Stack: [0x0000000018b20000,0x0000000018c20000]
[error occurred during error reporting (printing stack bounds), id 0xc0000005]

Native frames: (J=compiled Java code, j=interpreted, Vv=VM code, C=native code)


Current CompileTask:
C2:  15160 8059   !   4       java.io.ObjectOutputStream::writeObject0 (619 bytes)


---------------  P R O C E S S  ---------------

Java Threads: ( => current thread )
  0x000000001c8df000 JavaThread "Memory manager" [_thread_blocked, id=16004, stack(0x0000000021f80000,0x0000000022080000)]
  0x000000001c8d9800 JavaThread "build operations Thread 6" [_thread_blocked, id=10540, stack(0x0000000021880000,0x0000000021980000)]
  0x000000001c7bf000 JavaThread "build operations Thread 5" [_thread_blocked, id=11292, stack(0x0000000021780000,0x0000000021880000)]
  0x000000001c7c5800 JavaThread "build operations Thread 4" [_thread_blocked, id=15560, stack(0x0000000021680000,0x0000000021780000)]
  0x000000001c7c5000 JavaThread "build operations Thread 3" [_thread_blocked, id=15516, stack(0x0000000021580000,0x0000000021680000)]
  0x000000001c7c3800 JavaThread "build operations Thread 2" [_thread_blocked, id=4656, stack(0x0000000021480000,0x0000000021580000)]
  0x000000001c7c1000 JavaThread "build operations" [_thread_blocked, id=10316, stack(0x000000001fd50000,0x000000001fe50000)]
  0x000000001c7c2000 JavaThread "Cache worker for Artifact transforms cache (C:\Users\Mauricio\.gradle\caches\transforms-1)" [_thread_blocked, id=11964, stack(0x000000001fc50000,0x000000001fd50000)]
  0x000000001a4e8800 JavaThread "Cache worker for file hash cache (C:\Users\Mauricio\Documents\GitHub\Soft2\Kpple\.gradle\4.4\fileHashes)" [_thread_blocked, id=10004, stack(0x000000001d060000,0x000000001d160000)]
  0x000000001a4b6000 JavaThread "File lock request listener" [_thread_in_native, id=12680, stack(0x000000001be90000,0x000000001bf90000)]
  0x000000001a457000 JavaThread "Cache worker for file hash cache (C:\Users\Mauricio\.gradle\caches\4.4\fileHashes)" [_thread_blocked, id=10792, stack(0x000000001bd90000,0x000000001be90000)]
  0x000000001a456000 JavaThread "Stdin handler" [_thread_blocked, id=8040, stack(0x000000001ba90000,0x000000001bb90000)]
  0x000000001a3bb800 JavaThread "Asynchronous log dispatcher for DefaultDaemonConnection: socket connection from /127.0.0.1:55294 to /127.0.0.1:55295" [_thread_blocked, id=15956, stack(0x000000001b990000,0x000000001ba90000)]
  0x000000001a3b2800 JavaThread "Daemon worker" [_thread_in_vm, id=9984, stack(0x000000001b890000,0x000000001b990000)]
  0x000000001a3b2000 JavaThread "Cancel handler" [_thread_blocked, id=7092, stack(0x000000001b790000,0x000000001b890000)]
  0x000000001a41e800 JavaThread "Handler for socket connection from /127.0.0.1:55294 to /127.0.0.1:55295" [_thread_in_native, id=12580, stack(0x000000001b490000,0x000000001b590000)]
  0x000000001a41e000 JavaThread "Daemon" [_thread_blocked, id=876, stack(0x000000001b390000,0x000000001b490000)]
  0x000000001a3fb800 JavaThread "Daemon periodic checks" [_thread_blocked, id=360, stack(0x000000001b290000,0x000000001b390000)]
  0x000000001a1d2000 JavaThread "Incoming local TCP Connector on port 55294" [_thread_in_native, id=5128, stack(0x000000001b030000,0x000000001b130000)]
  0x0000000016dae000 JavaThread "Service Thread" daemon [_thread_blocked, id=11848, stack(0x0000000019120000,0x0000000019220000)]
  0x0000000016da4800 JavaThread "C1 CompilerThread2" daemon [_thread_blocked, id=13736, stack(0x0000000018c20000,0x0000000018d20000)]
=>0x0000000016d97800 JavaThread "C2 CompilerThread1" daemon [_thread_in_native, id=8812, stack(0x0000000018b20000,0x0000000018c20000)]
  0x0000000016d94800 JavaThread "C2 CompilerThread0" daemon [_thread_blocked, id=4496, stack(0x0000000018a20000,0x0000000018b20000)]
  0x0000000016d90000 JavaThread "Attach Listener" daemon [_thread_blocked, id=12796, stack(0x0000000018920000,0x0000000018a20000)]
  0x0000000016d8d000 JavaThread "Signal Dispatcher" daemon [_thread_blocked, id=11516, stack(0x0000000018820000,0x0000000018920000)]
  0x0000000016d7f000 JavaThread "Finalizer" daemon [_thread_blocked, id=3240, stack(0x0000000018600000,0x0000000018700000)]
  0x00000000031d6000 JavaThread "Reference Handler" daemon [_thread_blocked, id=13464, stack(0x0000000018500000,0x0000000018600000)]
  0x00000000030e2800 JavaThread "main" [_thread_blocked, id=15664, stack(0x0000000002fe0000,0x00000000030e0000)]

Other Threads:
  0x0000000016d57000 VMThread [stack: 0x0000000018400000,0x0000000018500000] [id=7420]
  0x0000000018d96800 WatcherThread [stack: 0x0000000019220000,0x0000000019320000] [id=10192]

VM state:not at safepoint (normal execution)

VM Mutex/Monitor currently owned by a thread: None

Heap:
 PSYoungGen      total 171520K, used 84077K [0x00000000e0000000, 0x00000000ec480000, 0x0000000100000000)
  eden space 155136K, 45% used [0x00000000e0000000,0x00000000e4457328,0x00000000e9780000)
  from space 16384K, 86% used [0x00000000eac00000,0x00000000eb9c42f8,0x00000000ebc00000)
  to   space 20992K, 0% used [0x00000000e9780000,0x00000000e9780000,0x00000000eac00000)
 ParOldGen       total 84992K, used 37095K [0x00000000a0000000, 0x00000000a5300000, 0x00000000e0000000)
  object space 84992K, 43% used [0x00000000a0000000,0x00000000a2439fd8,0x00000000a5300000)
 Metaspace       used 62078K, capacity 64380K, committed 64532K, reserved 1105920K
  class space    used 8363K, capacity 8963K, committed 8980K, reserved 1048576K

Card table byte_map: [0x00000000125a0000,0x00000000128b0000] byte_map_base: 0x00000000120a0000

Marking Bits: (ParMarkBitMap*) 0x0000000061d04970
 Begin Bits: [0x00000000130b0000, 0x00000000148b0000)
 End Bits:   [0x00000000148b0000, 0x00000000160b0000)

Polling page: 0x0000000000df0000

CodeCache: size=245760Kb used=25388Kb max_used=25401Kb free=220372Kb
 bounds [0x00000000031e0000, 0x0000000004ad0000, 0x00000000121e0000]
 total_blobs=8356 nmethods=7586 adapters=684
 compilation: enabled

Compilation events (10 events):
Event: 15.059 Thread 0x0000000016d94800 8016       4       java.io.ObjectStreamClass::checkDefaultSerialize (20 bytes)
Event: 15.060 Thread 0x0000000016d94800 nmethod 8016 0x0000000004a52a90 code [0x0000000004a52bc0, 0x0000000004a52c58]
Event: 15.060 Thread 0x0000000016d94800 8017       4       java.io.ObjectStreamClass::getPrimFieldValues (10 bytes)
Event: 15.068 Thread 0x0000000016d94800 nmethod 8017 0x0000000004abde10 code [0x0000000004abe0c0, 0x0000000004abe5b0]
Event: 15.068 Thread 0x0000000016d94800 8049       4       java.io.ObjectOutputStream$BlockDataOutputStream::write (152 bytes)
Event: 15.102 Thread 0x0000000016d94800 nmethod 8049 0x0000000004ac11d0 code [0x0000000004ac13c0, 0x0000000004ac2258]
Event: 15.102 Thread 0x0000000016d94800 8070       4       java.security.CodeSource::<init> (40 bytes)
Event: 15.104 Thread 0x0000000016d94800 nmethod 8070 0x0000000004abc5d0 code [0x0000000004abc720, 0x0000000004abc878]
Event: 15.104 Thread 0x0000000016d94800 7993       4       java.io.ObjectStreamClass$WeakClassKey::<init> (15 bytes)
Event: 15.105 Thread 0x0000000016d94800 nmethod 7993 0x0000000004abc2d0 code [0x0000000004abc420, 0x0000000004abc528]

GC Heap History (10 events):
Event: 8.362 GC heap before
{Heap before GC invocations=11 (full 2):
 PSYoungGen      total 139776K, used 126464K [0x00000000e0000000, 0x00000000ebb80000, 0x0000000100000000)
  eden space 126464K, 100% used [0x00000000e0000000,0x00000000e7b80000,0x00000000e7b80000)
  from space 13312K, 0% used [0x00000000e8980000,0x00000000e8980000,0x00000000e9680000)
  to   space 14336K, 0% used [0x00000000e7b80000,0x00000000e7b80000,0x00000000e8980000)
 ParOldGen       total 84992K, used 17809K [0x00000000a0000000, 0x00000000a5300000, 0x00000000e0000000)
  object space 84992K, 20% used [0x00000000a0000000,0x00000000a11647f8,0x00000000a5300000)
 Metaspace       used 44234K, capacity 45470K, committed 45568K, reserved 1089536K
  class space    used 5955K, capacity 6360K, committed 6400K, reserved 1048576K
Event: 8.383 GC heap after
Heap after GC invocations=11 (full 2):
 PSYoungGen      total 140800K, used 14329K [0x00000000e0000000, 0x00000000ebc00000, 0x0000000100000000)
  eden space 126464K, 0% used [0x00000000e0000000,0x00000000e0000000,0x00000000e7b80000)
  from space 14336K, 99% used [0x00000000e7b80000,0x00000000e897e458,0x00000000e8980000)
  to   space 16384K, 0% used [0x00000000eac00000,0x00000000eac00000,0x00000000ebc00000)
 ParOldGen       total 84992K, used 18396K [0x00000000a0000000, 0x00000000a5300000, 0x00000000e0000000)
  object space 84992K, 21% used [0x00000000a0000000,0x00000000a11f7020,0x00000000a5300000)
 Metaspace       used 44234K, capacity 45470K, committed 45568K, reserved 1089536K
  class space    used 5955K, capacity 6360K, committed 6400K, reserved 1048576K
}
Event: 10.217 GC heap before
{Heap before GC invocations=12 (full 2):
 PSYoungGen      total 140800K, used 140793K [0x00000000e0000000, 0x00000000ebc00000, 0x0000000100000000)
  eden space 126464K, 100% used [0x00000000e0000000,0x00000000e7b80000,0x00000000e7b80000)
  from space 14336K, 99% used [0x00000000e7b80000,0x00000000e897e458,0x00000000e8980000)
  to   space 16384K, 0% used [0x00000000eac00000,0x00000000eac00000,0x00000000ebc00000)
 ParOldGen       total 84992K, used 18396K [0x00000000a0000000, 0x00000000a5300000, 0x00000000e0000000)
  object space 84992K, 21% used [0x00000000a0000000,0x00000000a11f7020,0x00000000a5300000)
 Metaspace       used 55297K, capacity 57194K, committed 57216K, reserved 1097728K
  class space    used 7537K, capacity 8048K, committed 8064K, reserved 1048576K
Event: 10.245 GC heap after
Heap after GC invocations=12 (full 2):
 PSYoungGen      total 171520K, used 16381K [0x00000000e0000000, 0x00000000ec480000, 0x0000000100000000)
  eden space 155136K, 0% used [0x00000000e0000000,0x00000000e0000000,0x00000000e9780000)
  from space 16384K, 99% used [0x00000000eac00000,0x00000000ebbff520,0x00000000ebc00000)
  to   space 20992K, 0% used [0x00000000e9780000,0x00000000e9780000,0x00000000eac00000)
 ParOldGen       total 84992K, used 24276K [0x00000000a0000000, 0x00000000a5300000, 0x00000000e0000000)
  object space 84992K, 28% used [0x00000000a0000000,0x00000000a17b5118,0x00000000a5300000)
 Metaspace       used 55297K, capacity 57194K, committed 57216K, reserved 1097728K
  class space    used 7537K, capacity 8048K, committed 8064K, reserved 1048576K
}
Event: 10.863 GC heap before
{Heap before GC invocations=13 (full 2):
 PSYoungGen      total 171520K, used 67390K [0x00000000e0000000, 0x00000000ec480000, 0x0000000100000000)
  eden space 155136K, 32% used [0x00000000e0000000,0x00000000e31d0678,0x00000000e9780000)
  from space 16384K, 99% used [0x00000000eac00000,0x00000000ebbff520,0x00000000ebc00000)
  to   space 20992K, 0% used [0x00000000e9780000,0x00000000e9780000,0x00000000eac00000)
 ParOldGen       total 84992K, used 24276K [0x00000000a0000000, 0x00000000a5300000, 0x00000000e0000000)
  object space 84992K, 28% used [0x00000000a0000000,0x00000000a17b5118,0x00000000a5300000)
 Metaspace       used 56992K, capacity 59002K, committed 59028K, reserved 1099776K
  class space    used 7848K, capacity 8329K, committed 8340K, reserved 1048576K
Event: 10.902 GC heap after
Heap after GC invocations=13 (full 2):
 PSYoungGen      total 176128K, used 5120K [0x00000000e0000000, 0x00000000ec480000, 0x0000000100000000)
  eden space 155136K, 0% used [0x00000000e0000000,0x00000000e0000000,0x00000000e9780000)
  from space 20992K, 24% used [0x00000000e9780000,0x00000000e9c80000,0x00000000eac00000)
  to   space 16384K, 0% used [0x00000000eac00000,0x00000000eac00000,0x00000000ebc00000)
 ParOldGen       total 84992K, used 40571K [0x00000000a0000000, 0x00000000a5300000, 0x00000000e0000000)
  object space 84992K, 47% used [0x00000000a0000000,0x00000000a279ee18,0x00000000a5300000)
 Metaspace       used 56992K, capacity 59002K, committed 59028K, reserved 1099776K
  class space    used 7848K, capacity 8329K, committed 8340K, reserved 1048576K
}
Event: 10.902 GC heap before
{Heap before GC invocations=14 (full 3):
 PSYoungGen      total 176128K, used 5120K [0x00000000e0000000, 0x00000000ec480000, 0x0000000100000000)
  eden space 155136K, 0% used [0x00000000e0000000,0x00000000e0000000,0x00000000e9780000)
  from space 20992K, 24% used [0x00000000e9780000,0x00000000e9c80000,0x00000000eac00000)
  to   space 16384K, 0% used [0x00000000eac00000,0x00000000eac00000,0x00000000ebc00000)
 ParOldGen       total 84992K, used 40571K [0x00000000a0000000, 0x00000000a5300000, 0x00000000e0000000)
  object space 84992K, 47% used [0x00000000a0000000,0x00000000a279ee18,0x00000000a5300000)
 Metaspace       used 56992K, capacity 59002K, committed 59028K, reserved 1099776K
  class space    used 7848K, capacity 8329K, committed 8340K, reserved 1048576K
Event: 11.250 GC heap after
Heap after GC invocations=14 (full 3):
 PSYoungGen      total 176128K, used 0K [0x00000000e0000000, 0x00000000ec480000, 0x0000000100000000)
  eden space 155136K, 0% used [0x00000000e0000000,0x00000000e0000000,0x00000000e9780000)
  from space 20992K, 0% used [0x00000000e9780000,0x00000000e9780000,0x00000000eac00000)
  to   space 16384K, 0% used [0x00000000eac00000,0x00000000eac00000,0x00000000ebc00000)
 ParOldGen       total 84992K, used 37087K [0x00000000a0000000, 0x00000000a5300000, 0x00000000e0000000)
  object space 84992K, 43% used [0x00000000a0000000,0x00000000a2437fd8,0x00000000a5300000)
 Metaspace       used 56992K, capacity 59002K, committed 59028K, reserved 1099776K
  class space    used 7848K, capacity 8329K, committed 8340K, reserved 1048576K
}
Event: 13.606 GC heap before
{Heap before GC invocations=15 (full 3):
 PSYoungGen      total 176128K, used 155136K [0x00000000e0000000, 0x00000000ec480000, 0x0000000100000000)
  eden space 155136K, 100% used [0x00000000e0000000,0x00000000e9780000,0x00000000e9780000)
  from space 20992K, 0% used [0x00000000e9780000,0x00000000e9780000,0x00000000eac00000)
  to   space 16384K, 0% used [0x00000000eac00000,0x00000000eac00000,0x00000000ebc00000)
 ParOldGen       total 84992K, used 37087K [0x00000000a0000000, 0x00000000a5300000, 0x00000000e0000000)
  object space 84992K, 43% used [0x00000000a0000000,0x00000000a2437fd8,0x00000000a5300000)
 Metaspace       used 59690K, capacity 61712K, committed 61972K, reserved 1101824K
  class space    used 8156K, capacity 8709K, committed 8724K, reserved 1048576K
Event: 13.634 GC heap after
Heap after GC invocations=15 (full 3):
 PSYoungGen      total 171520K, used 14096K [0x00000000e0000000, 0x00000000ec480000, 0x0000000100000000)
  eden space 155136K, 0% used [0x00000000e0000000,0x00000000e0000000,0x00000000e9780000)
  from space 16384K, 86% used [0x00000000eac00000,0x00000000eb9c42f8,0x00000000ebc00000)
  to   space 20992K, 0% used [0x00000000e9780000,0x00000000e9780000,0x00000000eac00000)
 ParOldGen       total 84992K, used 37095K [0x00000000a0000000, 0x00000000a5300000, 0x00000000e0000000)
  object space 84992K, 43% used [0x00000000a0000000,0x00000000a2439fd8,0x00000000a5300000)
 Metaspace       used 59690K, capacity 61712K, committed 61972K, reserved 1101824K
  class space    used 8156K, capacity 8709K, committed 8724K, reserved 1048576K
}

Deoptimization events (10 events):
Event: 14.908 Thread 0x000000001a3b2800 Uncommon trap: reason=class_check action=maybe_recompile pc=0x000000000476e684 method=java.io.ObjectOutputStream$BlockDataOutputStream.drain()V @ 36
Event: 14.908 Thread 0x000000001a3b2800 Uncommon trap: reason=class_check action=maybe_recompile pc=0x00000000047f8c94 method=java.io.ObjectOutputStream.writeNonProxyDesc(Ljava/io/ObjectStreamClass;Z)V @ 44
Event: 14.908 Thread 0x000000001a3b2800 Uncommon trap: reason=class_check action=maybe_recompile pc=0x000000000476e684 method=java.io.ObjectOutputStream$BlockDataOutputStream.drain()V @ 36
Event: 14.908 Thread 0x000000001a3b2800 Uncommon trap: reason=class_check action=maybe_recompile pc=0x000000000488e688 method=java.io.ObjectOutputStream$BlockDataOutputStream.drain()V @ 36
Event: 14.908 Thread 0x000000001a3b2800 Uncommon trap: reason=class_check action=maybe_recompile pc=0x00000000047f8c94 method=java.io.ObjectOutputStream.writeNonProxyDesc(Ljava/io/ObjectStreamClass;Z)V @ 44
Event: 14.908 Thread 0x000000001a3b2800 Uncommon trap: reason=class_check action=maybe_recompile pc=0x000000000476e684 method=java.io.ObjectOutputStream$BlockDataOutputStream.drain()V @ 36
Event: 14.909 Thread 0x000000001a3b2800 Uncommon trap: reason=unstable_if action=reinterpret pc=0x00000000047f9d5c method=java.io.ObjectOutputStream.writeClassDesc(Ljava/io/ObjectStreamClass;Z)V @ 41
Event: 14.909 Thread 0x000000001a3b2800 Uncommon trap: reason=unstable_if action=reinterpret pc=0x0000000003eeea88 method=java.lang.reflect.Proxy.isProxyClass(Ljava/lang/Class;)Z @ 6
Event: 14.913 Thread 0x000000001a3b2800 Uncommon trap: reason=unstable_if action=reinterpret pc=0x000000000485ca34 method=java.io.ObjectOutputStream$HandleTable.assign(Ljava/lang/Object;)I @ 24
Event: 15.047 Thread 0x000000001a3b2800 Uncommon trap: reason=unstable_if action=reinterpret pc=0x0000000004a14f0c method=org.gradle.internal.progress.DefaultBuildOperationExecutor.assertParentRunning(Ljava/lang/String;Lorg/gradle/internal/progress/BuildOperationDescriptor;Lorg/gradle/internal/

Classes redefined (0 events):
No events

Internal exceptions (10 events):
Event: 11.748 Thread 0x000000001a3b2800 Exception <a 'java/lang/ClassNotFoundException': org/gradle/api/internal/file/collections/FileCollectionAdapterBeanInfo> (0x00000000e4b444b0) thrown at [D:\src\AOSP-openjdk-cygwin\jdk8u\hotspot\src\share\vm\classfile\systemDictionary.cpp, line 210]
Event: 11.748 Thread 0x000000001a3b2800 Exception <a 'java/lang/ClassNotFoundException': org/gradle/api/internal/file/collections/FileCollectionAdapterCustomizer> (0x00000000e4b5bc70) thrown at [D:\src\AOSP-openjdk-cygwin\jdk8u\hotspot\src\share\vm\classfile\systemDictionary.cpp, line 210]
Event: 11.749 Thread 0x000000001a3b2800 Exception <a 'java/lang/ClassNotFoundException': org/gradle/api/internal/file/DefaultFileCollectionFactory$1Customizer> (0x00000000e4b7bbb0) thrown at [D:\src\AOSP-openjdk-cygwin\jdk8u\hotspot\src\share\vm\classfile\systemDictionary.cpp, line 210]
Event: 11.763 Thread 0x000000001a3b2800 Exception <a 'java/lang/ClassNotFoundException': org/gradle/plugins/ide/idea/model/IdeaProject_DecoratedBeanInfo> (0x00000000e4c6eef8) thrown at [D:\src\AOSP-openjdk-cygwin\jdk8u\hotspot\src\share\vm\classfile\systemDictionary.cpp, line 210]
Event: 11.764 Thread 0x000000001a3b2800 Exception <a 'java/lang/ClassNotFoundException': org/gradle/plugins/ide/idea/model/IdeaProjectBeanInfo> (0x00000000e4c90b78) thrown at [D:\src\AOSP-openjdk-cygwin\jdk8u\hotspot\src\share\vm\classfile\systemDictionary.cpp, line 210]
Event: 11.764 Thread 0x000000001a3b2800 Exception <a 'java/lang/ClassNotFoundException': org/gradle/plugins/ide/idea/model/IdeaProjectCustomizer> (0x00000000e4cb2c98) thrown at [D:\src\AOSP-openjdk-cygwin\jdk8u\hotspot\src\share\vm\classfile\systemDictionary.cpp, line 210]
Event: 11.767 Thread 0x000000001a3b2800 Exception <a 'java/lang/ClassNotFoundException': org/gradle/plugins/ide/idea/model/IdeaProject_DecoratedCustomizer> (0x00000000e4d329e8) thrown at [D:\src\AOSP-openjdk-cygwin\jdk8u\hotspot\src\share\vm\classfile\systemDictionary.cpp, line 210]
Event: 13.999 Thread 0x000000001a3b2800 Exception <a 'java/lang/NoSuchMethodError': java.lang.Object.lambda$negate$1(Ljava/lang/Object;)Z> (0x00000000e0dfcdd8) thrown at [D:\src\AOSP-openjdk-cygwin\jdk8u\hotspot\src\share\vm\interpreter\linkResolver.cpp, line 584]
Event: 14.906 Thread 0x000000001a3b2800 Implicit null exception at 0x000000000488ab3b to 0x000000000488abbb
Event: 15.047 Thread 0x000000001a3b2800 Implicit null exception at 0x0000000004a14eac to 0x0000000004a14ef5

Events (10 events):
Event: 15.149 loading class com/google/wireless/android/sdk/stats/JvmDetails$Builder
Event: 15.149 loading class com/google/wireless/android/sdk/stats/JvmDetails$Builder done
Event: 15.152 loading class com/google/wireless/android/play/playlog/proto/ClientAnalytics$LogEvent
Event: 15.152 loading class com/google/wireless/android/play/playlog/proto/ClientAnalytics$LogEvent done
Event: 15.153 loading class com/google/wireless/android/play/playlog/proto/ClientAnalytics$LogEventOrBuilder
Event: 15.153 loading class com/google/wireless/android/play/playlog/proto/ClientAnalytics$LogEventOrBuilder done
Event: 15.153 loading class com/google/protobuf/GeneratedMessageV3$ExtendableMessageOrBuilder
Event: 15.153 loading class com/google/protobuf/GeneratedMessageV3$ExtendableMessageOrBuilder done
Event: 15.154 loading class com/google/protobuf/GeneratedMessageV3$ExtendableMessage
Event: 15.154 loading class com/google/protobuf/GeneratedMessageV3$ExtendableMessage done


Dynamic libraries:
0x00007ff69a070000 - 0x00007ff69a0a1000 	C:\Program Files\Android\Android Studio\jre\bin\java.exe
0x00007ffc3fd40000 - 0x00007ffc3ff21000 	C:\WINDOWS\SYSTEM32\ntdll.dll
0x00007ffc3f800000 - 0x00007ffc3f8b2000 	C:\WINDOWS\System32\KERNEL32.DLL
0x00007ffc3c300000 - 0x00007ffc3c573000 	C:\WINDOWS\System32\KERNELBASE.dll
0x00007ffc3e830000 - 0x00007ffc3e8d1000 	C:\WINDOWS\System32\ADVAPI32.dll
0x00007ffc3f8e0000 - 0x00007ffc3f97e000 	C:\WINDOWS\System32\msvcrt.dll
0x00007ffc3f390000 - 0x00007ffc3f3eb000 	C:\WINDOWS\System32\sechost.dll
0x00007ffc3f6d0000 - 0x00007ffc3f7f4000 	C:\WINDOWS\System32\RPCRT4.dll
0x00007ffc3e6a0000 - 0x00007ffc3e830000 	C:\WINDOWS\System32\USER32.dll
0x00007ffc3c580000 - 0x00007ffc3c5a0000 	C:\WINDOWS\System32\win32u.dll
0x00007ffc3e670000 - 0x00007ffc3e698000 	C:\WINDOWS\System32\GDI32.dll
0x00007ffc3d030000 - 0x00007ffc3d1c2000 	C:\WINDOWS\System32\gdi32full.dll
0x00007ffc3c5a0000 - 0x00007ffc3c63f000 	C:\WINDOWS\System32\msvcp_win.dll
0x00007ffc3c750000 - 0x00007ffc3c84a000 	C:\WINDOWS\System32\ucrtbase.dll
0x00007ffc313d0000 - 0x00007ffc31639000 	C:\WINDOWS\WinSxS\amd64_microsoft.windows.common-controls_6595b64144ccf1df_6.0.17134.191_none_fb3e94b130690543\COMCTL32.dll
0x00007ffc3eb10000 - 0x00007ffc3ee33000 	C:\WINDOWS\System32\combase.dll
0x00007ffc3c850000 - 0x00007ffc3c8ca000 	C:\WINDOWS\System32\bcryptPrimitives.dll
0x00007ffc3f290000 - 0x00007ffc3f2bd000 	C:\WINDOWS\System32\IMM32.DLL
0x0000000061460000 - 0x0000000061532000 	C:\Program Files\Android\Android Studio\jre\jre\bin\msvcr100.dll
0x0000000061540000 - 0x0000000061d7f000 	C:\Program Files\Android\Android Studio\jre\jre\bin\server\jvm.dll
0x00007ffc3f8d0000 - 0x00007ffc3f8d8000 	C:\WINDOWS\System32\PSAPI.DLL
0x00007ffc3acc0000 - 0x00007ffc3acca000 	C:\WINDOWS\SYSTEM32\VERSION.dll
0x00007ffc3ad40000 - 0x00007ffc3ad49000 	C:\WINDOWS\SYSTEM32\WSOCK32.dll
0x00007ffc3e9f0000 - 0x00007ffc3ea5c000 	C:\WINDOWS\System32\WS2_32.dll
0x00007ffc39310000 - 0x00007ffc39333000 	C:\WINDOWS\SYSTEM32\WINMM.dll
0x00007ffc38620000 - 0x00007ffc3864a000 	C:\WINDOWS\SYSTEM32\winmmbase.dll
0x00007ffc3c8d0000 - 0x00007ffc3c919000 	C:\WINDOWS\System32\cfgmgr32.dll
0x00007ffc2a6f0000 - 0x00007ffc2a6ff000 	C:\Program Files\Android\Android Studio\jre\jre\bin\verify.dll
0x00007ffc29380000 - 0x00007ffc293a9000 	C:\Program Files\Android\Android Studio\jre\jre\bin\java.dll
0x00007ffc28b50000 - 0x00007ffc28b66000 	C:\Program Files\Android\Android Studio\jre\jre\bin\zip.dll
0x00007ffc3d230000 - 0x00007ffc3e670000 	C:\WINDOWS\System32\SHELL32.dll
0x00007ffc3ea60000 - 0x00007ffc3eb09000 	C:\WINDOWS\System32\shcore.dll
0x00007ffc3c920000 - 0x00007ffc3d02d000 	C:\WINDOWS\System32\windows.storage.dll
0x00007ffc3f610000 - 0x00007ffc3f661000 	C:\WINDOWS\System32\shlwapi.dll
0x00007ffc3c0b0000 - 0x00007ffc3c0c1000 	C:\WINDOWS\System32\kernel.appcore.dll
0x00007ffc3c0d0000 - 0x00007ffc3c0ef000 	C:\WINDOWS\System32\profapi.dll
0x00007ffc3c050000 - 0x00007ffc3c09c000 	C:\WINDOWS\System32\powrprof.dll
0x00007ffc3c0a0000 - 0x00007ffc3c0aa000 	C:\WINDOWS\System32\FLTLIB.DLL
0x00007ffc28b30000 - 0x00007ffc28b4a000 	C:\Program Files\Android\Android Studio\jre\jre\bin\net.dll
0x00007ffc3b8d0000 - 0x00007ffc3b936000 	C:\WINDOWS\system32\mswsock.dll
0x00007ffc28b10000 - 0x00007ffc28b21000 	C:\Program Files\Android\Android Studio\jre\jre\bin\nio.dll
0x00007ffc2cce0000 - 0x00007ffc2ccfe000 	C:\Users\Mauricio\.gradle\native\25\windows-amd64\native-platform.dll
0x00007ffc29370000 - 0x00007ffc2937d000 	C:\Program Files\Android\Android Studio\jre\jre\bin\management.dll
0x00007ffc3ba90000 - 0x00007ffc3baa7000 	C:\WINDOWS\SYSTEM32\CRYPTSP.dll
0x00007ffc3b4b0000 - 0x00007ffc3b4e3000 	C:\WINDOWS\system32\rsaenh.dll
0x00007ffc3bbb0000 - 0x00007ffc3bbd5000 	C:\WINDOWS\SYSTEM32\bcrypt.dll
0x00007ffc3bf50000 - 0x00007ffc3bf78000 	C:\WINDOWS\SYSTEM32\USERENV.dll
0x00007ffc3ba80000 - 0x00007ffc3ba8b000 	C:\WINDOWS\SYSTEM32\CRYPTBASE.dll
0x00007ffc3b650000 - 0x00007ffc3b688000 	C:\WINDOWS\SYSTEM32\IPHLPAPI.DLL
0x00007ffc3fae0000 - 0x00007ffc3fae8000 	C:\WINDOWS\System32\NSI.dll
0x00007ffc31830000 - 0x00007ffc31846000 	C:\WINDOWS\SYSTEM32\dhcpcsvc6.DLL
0x00007ffc31810000 - 0x00007ffc3182a000 	C:\WINDOWS\SYSTEM32\dhcpcsvc.DLL

VM Arguments:
jvm_args: -Xmx1536m -Dfile.encoding=windows-1252 -Duser.country=CO -Duser.language=es -Duser.variant 
java_command: org.gradle.launcher.daemon.bootstrap.GradleDaemon 4.4
java_class_path (initial): C:\Users\Mauricio\.gradle\wrapper\dists\gradle-4.4-all\9br9xq1tocpiv8o6njlyu5op1\gradle-4.4\lib\gradle-launcher-4.4.jar
Launcher Type: SUN_STANDARD

Environment Variables:
PATH=C:\Program Files (x86)\Common Files\Oracle\Java\javapath;C:\ProgramData\Oracle\Java\javapath;C:\Program Files (x86)\NVIDIA Corporation\PhysX\Common;C:\WINDOWS\system32;C:\WINDOWS;C:\WINDOWS\System32\Wbem;C:\WINDOWS\System32\WindowsPowerShell\v1.0\;C:\Program Files (x86)\ATI Technologies\ATI.ACE\Core-Static;C:\Program Files (x86)\AMD\ATI.ACE\Core-Static;C:\Program Files (x86)\Windows Kits\8.1\Windows Performance Toolkit\;C:\Program Files\Microsoft SQL Server\110\Tools\Binn\;C:\Program Files\Microsoft SQL Server\120\Tools\Binn\;C:\Users\Mauricio\.dnx\bin;C:\Program Files\Microsoft DNX\Dnvm\;C:\Program Files (x86)\Skype\Phone\;C:\Program Files\Microsoft Network Monitor 3\;C:\Program Files\Calibre2\;C:\Program Files\nodejs\;C:\WINDOWS\System32\OpenSSH\;C:\Program Files\Git\cmd;C:\Users\Mauricio\AppData\Local\Microsoft\WindowsApps;C:\Users\Mauricio\AppData\Local\GitHubDesktop\bin;C:\Users\Mauricio\AppData\Local\Microsoft\WindowsApps;C:\Program Files\Microsoft VS Code\bin;C:\Users\Mauricio\AppData\Roaming\npm;
USERNAME=Mauricio
OS=Windows_NT
PROCESSOR_IDENTIFIER=AMD64 Family 21 Model 1 Stepping 2, AuthenticAMD



---------------  S Y S T E M  ---------------

OS: Windows 10.0 , 64 bit Build 17134 (10.0.17134.1)

CPU:total 6 (initial active 6) (6 cores per cpu, 1 threads per core) family 21 model 1 stepping 2, cmov, cx8, fxsr, mmx, sse, sse2, sse3, ssse3, sse4.1, sse4.2, popcnt, avx, aes, clmul, mmxext, 3dnowpref, lzcnt, sse4a, tsc, tscinvbit, tscinv

Memory: 4k page, physical 6813236k(923824k free), swap 8861236k(5368k free)

vm_info: OpenJDK 64-Bit Server VM (25.152-b02) for windows-amd64 JRE (1.8.0_152-release-1024-b02), built by "builder" with MS VC++ 10.0 (VS2010)

time: Tue Aug 07 13:51:24 2018
elapsed time: 15 seconds (0d 0h 0m 15s)

